TN:
SF:src/app/layout.tsx
FN:13,RootLayout
FNF:1
FNH:0
FNDA:0,RootLayout
DA:2,0
DA:3,0
DA:4,0
DA:5,0
DA:6,0
DA:8,0
DA:13,0
DA:14,0
LF:8
LH:0
BRF:0
BRH:0
end_of_record
TN:
SF:src/app/page.tsx
FN:20,(anonymous_9)
FN:21,(anonymous_10)
FN:21,(anonymous_11)
FN:23,(anonymous_12)
FN:24,(anonymous_13)
FN:24,(anonymous_14)
FN:26,(anonymous_15)
FN:27,(anonymous_16)
FN:27,(anonymous_17)
FN:32,HomePage
FN:41,(anonymous_19)
FN:59,(anonymous_20)
FN:93,(anonymous_21)
FN:137,(anonymous_22)
FN:155,(anonymous_23)
FN:172,(anonymous_24)
FN:173,(anonymous_25)
FN:179,(anonymous_26)
FNF:18
FNH:0
FNDA:0,(anonymous_9)
FNDA:0,(anonymous_10)
FNDA:0,(anonymous_11)
FNDA:0,(anonymous_12)
FNDA:0,(anonymous_13)
FNDA:0,(anonymous_14)
FNDA:0,(anonymous_15)
FNDA:0,(anonymous_16)
FNDA:0,(anonymous_17)
FNDA:0,HomePage
FNDA:0,(anonymous_19)
FNDA:0,(anonymous_20)
FNDA:0,(anonymous_21)
FNDA:0,(anonymous_22)
FNDA:0,(anonymous_23)
FNDA:0,(anonymous_24)
FNDA:0,(anonymous_25)
FNDA:0,(anonymous_26)
DA:3,0
DA:4,0
DA:5,0
DA:6,0
DA:7,0
DA:8,0
DA:9,0
DA:10,0
DA:11,0
DA:16,0
DA:17,0
DA:20,0
DA:21,0
DA:23,0
DA:24,0
DA:26,0
DA:27,0
DA:32,0
DA:33,0
DA:34,0
DA:35,0
DA:36,0
DA:38,0
DA:39,0
DA:41,0
DA:42,0
DA:43,0
DA:45,0
DA:51,0
DA:59,0
DA:60,0
DA:61,0
DA:62,0
DA:68,0
DA:69,0
DA:80,0
DA:93,0
DA:137,0
DA:156,0
DA:172,0
DA:174,0
DA:175,0
DA:176,0
DA:180,0
DA:182,0
DA:184,0
DA:185,0
LF:47
LH:0
BRDA:54,0,0,0
BRDA:54,0,1,0
BRDA:54,1,0,0
BRDA:54,1,1,0
BRDA:54,2,0,0
BRDA:54,2,1,0
BRDA:73,3,0,0
BRDA:73,3,1,0
BRDA:73,4,0,0
BRDA:73,4,1,0
BRDA:73,5,0,0
BRDA:73,5,1,0
BRDA:83,6,0,0
BRDA:83,6,1,0
BRDA:83,6,2,0
BRDA:109,7,0,0
BRDA:109,7,1,0
BRDA:110,8,0,0
BRDA:110,8,1,0
BRDA:126,9,0,0
BRDA:126,9,1,0
BRDA:126,10,0,0
BRDA:126,10,1,0
BRDA:126,11,0,0
BRDA:126,11,1,0
BRDA:126,12,0,0
BRDA:126,12,1,0
BRDA:126,13,0,0
BRDA:126,13,1,0
BRDA:136,14,0,0
BRDA:136,14,1,0
BRDA:146,15,0,0
BRDA:146,15,1,0
BRDA:146,16,0,0
BRDA:146,16,1,0
BRDA:146,17,0,0
BRDA:146,17,1,0
BRDA:146,18,0,0
BRDA:146,18,1,0
BRDA:146,19,0,0
BRDA:146,19,1,0
BRDA:164,20,0,0
BRDA:164,20,1,0
BRDA:164,21,0,0
BRDA:164,21,1,0
BRDA:164,22,0,0
BRDA:164,22,1,0
BRDA:164,23,0,0
BRDA:164,23,1,0
BRDA:164,24,0,0
BRDA:164,24,1,0
BRDA:176,25,0,0
BRDA:182,26,0,0
BRDA:185,27,0,0
BRF:54
BRH:0
end_of_record
TN:
SF:src/components/ChartView.tsx
FN:21,ChartView
FN:37,(anonymous_2)
FN:41,(anonymous_3)
FN:45,(anonymous_4)
FN:47,(anonymous_5)
FN:79,(anonymous_6)
FN:85,(anonymous_7)
FN:86,(anonymous_8)
FNF:8
FNH:0
FNDA:0,ChartView
FNDA:0,(anonymous_2)
FNDA:0,(anonymous_3)
FNDA:0,(anonymous_4)
FNDA:0,(anonymous_5)
FNDA:0,(anonymous_6)
FNDA:0,(anonymous_7)
FNDA:0,(anonymous_8)
DA:3,0
DA:4,0
DA:7,0
DA:8,0
DA:9,0
DA:12,0
DA:21,0
DA:35,0
DA:37,0
DA:41,0
DA:42,0
DA:45,0
DA:46,0
DA:47,0
DA:48,0
DA:49,0
DA:59,0
DA:64,0
DA:80,0
DA:85,0
DA:86,0
DA:98,0
LF:22
LH:0
BRDA:46,0,0,0
BRDA:91,1,0,0
BRDA:91,1,1,0
BRF:3
BRH:0
end_of_record
TN:
SF:src/components/DataTable.tsx
FN:20,formatCellValue
FN:65,DataTable
FN:76,(anonymous_11)
FN:79,(anonymous_12)
FN:81,(anonymous_13)
FN:84,(anonymous_14)
FN:86,(anonymous_15)
FN:104,(anonymous_16)
FN:169,(anonymous_17)
FN:191,(anonymous_18)
FN:202,(anonymous_19)
FN:245,(anonymous_20)
FN:262,(anonymous_21)
FN:264,(anonymous_22)
FNF:14
FNH:14
FNDA:1521,formatCellValue
FNDA:33,DataTable
FNDA:33,(anonymous_11)
FNDA:33,(anonymous_12)
FNDA:123,(anonymous_13)
FNDA:33,(anonymous_14)
FNDA:123,(anonymous_15)
FNDA:33,(anonymous_16)
FNDA:1,(anonymous_17)
FNDA:119,(anonymous_18)
FNDA:3,(anonymous_19)
FNDA:1,(anonymous_20)
FNDA:481,(anonymous_21)
FNDA:1521,(anonymous_22)
DA:1,1
DA:2,1
DA:4,1
DA:5,1
DA:6,1
DA:21,1521
DA:22,3
DA:25,1518
DA:28,79
DA:29,79
DA:31,76
DA:32,76
DA:33,76
DA:35,76
DA:37,76
DA:38,0
DA:44,76
DA:54,479
DA:55,479
DA:58,80
DA:61,880
DA:65,1
DA:76,33
DA:77,33
DA:79,33
DA:80,33
DA:81,123
DA:84,33
DA:85,33
DA:86,32
DA:87,123
DA:88,29
DA:89,29
DA:90,29
DA:91,31
DA:92,31
DA:93,28
DA:94,28
DA:96,28
DA:98,28
DA:100,1
DA:103,33
DA:104,33
DA:111,33
DA:113,33
DA:114,1
DA:124,32
DA:125,1
DA:150,31
DA:169,1
DA:192,119
DA:203,3
DA:246,1
DA:247,1
DA:263,481
DA:265,1521
DA:266,1521
DA:271,1521
LF:58
LH:57
BRDA:21,0,0,3
BRDA:21,1,0,1521
BRDA:21,1,1,1521
BRDA:21,1,2,1521
BRDA:25,2,0,79
BRDA:25,2,1,479
BRDA:25,2,2,80
BRDA:25,2,3,880
BRDA:29,3,0,3
BRDA:35,4,0,76
BRDA:35,4,1,76
BRDA:37,5,0,0
BRDA:37,6,0,76
BRDA:37,6,1,76
BRDA:55,7,0,0
BRDA:55,7,1,479
BRDA:69,8,0,32
BRDA:73,9,0,28
BRDA:76,10,0,33
BRDA:76,10,1,32
BRDA:76,10,2,1
BRDA:76,11,0,1
BRDA:76,11,1,31
BRDA:76,12,0,32
BRDA:76,12,1,31
BRDA:76,13,0,1
BRDA:76,13,1,32
BRDA:76,14,0,33
BRDA:76,14,1,32
BRDA:77,15,0,33
BRDA:77,15,1,1
BRDA:77,16,0,1
BRDA:77,16,1,32
BRDA:77,17,0,33
BRDA:77,17,1,32
BRDA:80,18,0,1
BRDA:80,19,0,1
BRDA:80,19,1,32
BRDA:80,20,0,33
BRDA:80,20,1,33
BRDA:80,21,0,1
BRDA:80,21,1,32
BRDA:80,22,0,33
BRDA:80,22,1,32
BRDA:82,23,0,1
BRDA:82,23,1,32
BRDA:82,24,0,33
BRDA:82,24,1,33
BRDA:82,25,0,1
BRDA:82,25,1,32
BRDA:82,26,0,33
BRDA:82,26,1,32
BRDA:85,27,0,1
BRDA:85,28,0,1
BRDA:85,28,1,32
BRDA:85,29,0,33
BRDA:85,29,1,33
BRDA:85,30,0,1
BRDA:85,30,1,32
BRDA:85,31,0,33
BRDA:85,31,1,32
BRDA:87,32,0,94
BRDA:88,33,0,29
BRDA:88,33,1,0
BRDA:92,34,0,3
BRDA:96,35,0,28
BRDA:96,35,1,28
BRDA:98,36,0,28
BRDA:102,37,0,1
BRDA:102,37,1,32
BRDA:102,38,0,33
BRDA:102,38,1,33
BRDA:102,39,0,1
BRDA:102,39,1,32
BRDA:102,40,0,33
BRDA:102,40,1,32
BRDA:113,41,0,1
BRDA:124,42,0,1
BRDA:124,43,0,32
BRDA:124,43,1,31
BRDA:164,44,0,31
BRDA:164,44,1,4
BRDA:175,45,0,31
BRDA:175,45,1,31
BRDA:175,46,0,0
BRDA:175,46,1,31
BRDA:175,47,0,31
BRDA:175,47,1,31
BRDA:178,48,0,31
BRDA:178,48,1,31
BRDA:196,49,0,119
BRDA:196,49,1,99
BRDA:196,49,2,32
BRDA:201,50,0,119
BRDA:201,50,1,20
BRDA:203,51,0,3
BRDA:203,51,1,2
BRDA:206,52,0,1
BRDA:206,52,1,1
BRDA:206,53,0,2
BRDA:206,53,1,1
BRDA:212,54,0,119
BRDA:212,54,1,8
BRDA:212,54,2,8
BRDA:220,55,0,119
BRDA:220,55,1,20
BRDA:225,56,0,2
BRDA:225,56,1,18
BRDA:225,57,0,20
BRDA:225,57,1,2
BRDA:233,58,0,0
BRDA:233,58,1,20
BRDA:233,59,0,20
BRDA:233,59,1,2
BRDA:240,60,0,119
BRDA:240,60,1,12
BRDA:247,61,0,0
BRDA:247,61,1,1
BRDA:247,62,0,1
BRDA:247,62,1,1
BRDA:261,63,0,2
BRDA:261,63,1,29
BRDA:263,64,0,255
BRDA:263,64,1,226
BRDA:265,65,0,1521
BRDA:265,65,1,0
BRDA:269,66,0,80
BRDA:269,66,1,1441
BRDA:288,67,0,31
BRDA:288,67,1,2
BRF:130
BRH:123
end_of_record
TN:
SF:src/components/ErrorBoundary.tsx
FN:12,(anonymous_9)
FN:17,(anonymous_10)
FN:21,(anonymous_11)
FN:43,(anonymous_12)
FN:61,(anonymous_13)
FN:67,(anonymous_14)
FN:99,ExclamationTriangleIcon
FNF:7
FNH:0
FNDA:0,(anonymous_9)
FNDA:0,(anonymous_10)
FNDA:0,(anonymous_11)
FNDA:0,(anonymous_12)
FNDA:0,(anonymous_13)
FNDA:0,(anonymous_14)
FNDA:0,ExclamationTriangleIcon
DA:1,0
DA:2,0
DA:3,0
DA:11,0
DA:13,0
DA:14,0
DA:18,0
DA:22,0
DA:25,0
DA:35,0
DA:44,0
DA:45,0
DA:61,0
DA:67,0
DA:94,0
DA:100,0
LF:16
LH:0
BRDA:44,0,0,0
BRDA:79,1,0,0
BRDA:79,1,1,0
BRDA:79,2,0,0
BRDA:79,2,1,0
BRDA:81,3,0,0
BRDA:81,3,1,0
BRF:7
BRH:0
end_of_record
TN:
SF:src/components/ErrorBoundaryWrapper.tsx
FN:14,ErrorBoundaryWrapper
FN:25,withErrorBoundary
FN:29,WithErrorBoundary
FN:45,(anonymous_4)
FN:50,(anonymous_5)
FN:54,(anonymous_6)
FN:58,(anonymous_7)
FN:98,ChartErrorBoundary
FN:133,DataProcessingErrorBoundary
FNF:9
FNH:0
FNDA:0,ErrorBoundaryWrapper
FNDA:0,withErrorBoundary
FNDA:0,WithErrorBoundary
FNDA:0,(anonymous_4)
FNDA:0,(anonymous_5)
FNDA:0,(anonymous_6)
FNDA:0,(anonymous_7)
FNDA:0,ChartErrorBoundary
FNDA:0,DataProcessingErrorBoundary
DA:1,0
DA:2,0
DA:14,0
DA:19,0
DA:25,0
DA:29,0
DA:30,0
DA:41,0
DA:46,0
DA:47,0
DA:51,0
DA:55,0
DA:59,0
DA:60,0
DA:91,0
DA:98,0
DA:99,0
DA:133,0
DA:134,0
LF:19
LH:0
BRDA:55,0,0,0
BRDA:55,0,1,0
BRDA:55,1,0,0
BRDA:55,1,1,0
BRDA:59,2,0,0
BRDA:61,3,0,0
BRDA:61,3,1,0
BRF:7
BRH:0
end_of_record
TN:
SF:src/components/FileUploader.tsx
FN:19,FileUploader
FN:50,(anonymous_2)
FNF:2
FNH:1
FNDA:1,FileUploader
FNDA:0,(anonymous_2)
DA:1,1
DA:2,1
DA:3,1
DA:5,1
DA:6,1
DA:7,1
DA:8,1
DA:19,1
DA:27,1
DA:34,1
DA:51,0
LF:11
LH:10
BRDA:21,0,0,1
BRDA:22,1,0,1
BRDA:23,2,0,1
BRDA:42,3,0,1
BRDA:42,3,1,0
BRDA:43,4,0,1
BRDA:43,4,1,1
BRDA:51,5,0,0
BRDA:64,6,0,0
BRDA:64,6,1,1
BRF:10
BRH:7
end_of_record
TN:
SF:src/components/FilterPanel.tsx
FN:27,FilterPanel
FN:38,(anonymous_10)
FN:40,(anonymous_11)
FN:64,(anonymous_12)
FN:64,(anonymous_13)
FN:95,(anonymous_14)
FN:111,(anonymous_15)
FN:118,(anonymous_16)
FN:135,(anonymous_17)
FN:146,(anonymous_18)
FN:160,FilterComponent
FN:196,SelectFilterView
FN:206,(anonymous_21)
FN:208,(anonymous_22)
FN:210,(anonymous_23)
FN:211,(anonymous_24)
FN:221,(anonymous_25)
FN:227,(anonymous_26)
FN:229,(anonymous_27)
FN:243,RangeFilterView
FN:257,(anonymous_29)
FN:262,(anonymous_30)
FN:267,(anonymous_31)
FN:283,(anonymous_32)
FN:292,(anonymous_33)
FN:304,(anonymous_34)
FN:311,(anonymous_35)
FN:320,(anonymous_36)
FN:324,(anonymous_37)
FN:333,(anonymous_38)
FN:350,(anonymous_39)
FN:360,EditBinsModal
FN:376,(anonymous_41)
FN:377,(anonymous_42)
FN:381,(anonymous_43)
FN:382,(anonymous_44)
FN:385,(anonymous_45)
FN:388,(anonymous_46)
FN:389,(anonymous_47)
FN:390,(anonymous_48)
FN:413,SearchFilterView
FN:421,(anonymous_50)
FN:432,(anonymous_51)
FN:439,(anonymous_52)
FN:447,(anonymous_53)
FN:456,toDateInputValue
FN:464,DateRangeFilterView
FN:472,(anonymous_56)
FN:482,(anonymous_57)
FN:489,(anonymous_58)
FN:495,BooleanFilterView
FN:503,(anonymous_60)
FN:511,(anonymous_61)
FN:520,(anonymous_62)
FN:529,(anonymous_63)
FN:537,NullFilterView
FN:546,(anonymous_65)
FN:556,(anonymous_66)
FNF:58
FNH:0
FNDA:0,FilterPanel
FNDA:0,(anonymous_10)
FNDA:0,(anonymous_11)
FNDA:0,(anonymous_12)
FNDA:0,(anonymous_13)
FNDA:0,(anonymous_14)
FNDA:0,(anonymous_15)
FNDA:0,(anonymous_16)
FNDA:0,(anonymous_17)
FNDA:0,(anonymous_18)
FNDA:0,FilterComponent
FNDA:0,SelectFilterView
FNDA:0,(anonymous_21)
FNDA:0,(anonymous_22)
FNDA:0,(anonymous_23)
FNDA:0,(anonymous_24)
FNDA:0,(anonymous_25)
FNDA:0,(anonymous_26)
FNDA:0,(anonymous_27)
FNDA:0,RangeFilterView
FNDA:0,(anonymous_29)
FNDA:0,(anonymous_30)
FNDA:0,(anonymous_31)
FNDA:0,(anonymous_32)
FNDA:0,(anonymous_33)
FNDA:0,(anonymous_34)
FNDA:0,(anonymous_35)
FNDA:0,(anonymous_36)
FNDA:0,(anonymous_37)
FNDA:0,(anonymous_38)
FNDA:0,(anonymous_39)
FNDA:0,EditBinsModal
FNDA:0,(anonymous_41)
FNDA:0,(anonymous_42)
FNDA:0,(anonymous_43)
FNDA:0,(anonymous_44)
FNDA:0,(anonymous_45)
FNDA:0,(anonymous_46)
FNDA:0,(anonymous_47)
FNDA:0,(anonymous_48)
FNDA:0,SearchFilterView
FNDA:0,(anonymous_50)
FNDA:0,(anonymous_51)
FNDA:0,(anonymous_52)
FNDA:0,(anonymous_53)
FNDA:0,toDateInputValue
FNDA:0,DateRangeFilterView
FNDA:0,(anonymous_56)
FNDA:0,(anonymous_57)
FNDA:0,(anonymous_58)
FNDA:0,BooleanFilterView
FNDA:0,(anonymous_60)
FNDA:0,(anonymous_61)
FNDA:0,(anonymous_62)
FNDA:0,(anonymous_63)
FNDA:0,NullFilterView
FNDA:0,(anonymous_65)
FNDA:0,(anonymous_66)
DA:3,0
DA:4,0
DA:5,0
DA:6,0
DA:16,0
DA:27,0
DA:35,0
DA:36,0
DA:37,0
DA:38,0
DA:39,0
DA:40,0
DA:41,0
DA:42,0
DA:43,0
DA:44,0
DA:51,0
DA:64,0
DA:95,0
DA:112,0
DA:118,0
DA:135,0
DA:146,0
DA:171,0
DA:173,0
DA:175,0
DA:184,0
DA:186,0
DA:188,0
DA:190,0
DA:192,0
DA:203,0
DA:204,0
DA:205,0
DA:206,0
DA:207,0
DA:208,0
DA:210,0
DA:211,0
DA:212,0
DA:214,0
DA:221,0
DA:228,0
DA:229,0
DA:254,0
DA:255,0
DA:257,0
DA:258,0
DA:259,0
DA:262,0
DA:263,0
DA:264,0
DA:267,0
DA:268,0
DA:269,0
DA:270,0
DA:271,0
DA:272,0
DA:275,0
DA:283,0
DA:292,0
DA:304,0
DA:311,0
DA:320,0
DA:325,0
DA:326,0
DA:327,0
DA:333,0
DA:350,0
DA:375,0
DA:376,0
DA:377,0
DA:378,0
DA:379,0
DA:380,0
DA:381,0
DA:382,0
DA:385,0
DA:386,0
DA:388,0
DA:389,0
DA:390,0
DA:391,0
DA:394,0
DA:420,0
DA:421,0
DA:422,0
DA:423,0
DA:425,0
DA:432,0
DA:439,0
DA:447,0
DA:457,0
DA:458,0
DA:459,0
DA:460,0
DA:461,0
DA:471,0
DA:472,0
DA:473,0
DA:474,0
DA:476,0
DA:482,0
DA:489,0
DA:502,0
DA:503,0
DA:504,0
DA:511,0
DA:520,0
DA:529,0
DA:545,0
DA:546,0
DA:547,0
DA:549,0
DA:556,0
LF:115
LH:0
BRDA:39,0,0,0
BRDA:41,1,0,0
BRDA:41,1,1,0
BRDA:42,2,0,0
BRDA:42,2,1,0
BRDA:43,3,0,0
BRDA:43,3,1,0
BRDA:45,4,0,0
BRDA:45,4,1,0
BRDA:45,4,2,0
BRDA:54,5,0,0
BRDA:54,5,1,0
BRDA:66,6,0,0
BRDA:66,6,1,0
BRDA:67,7,0,0
BRDA:67,7,1,0
BRDA:69,8,0,0
BRDA:69,8,1,0
BRDA:75,9,0,0
BRDA:75,9,1,0
BRDA:89,10,0,0
BRDA:89,10,1,0
BRDA:101,11,0,0
BRDA:101,11,1,0
BRDA:104,12,0,0
BRDA:104,12,1,0
BRDA:171,13,0,0
BRDA:171,13,1,0
BRDA:171,13,2,0
BRDA:171,13,3,0
BRDA:171,13,4,0
BRDA:171,13,5,0
BRDA:171,13,6,0
BRDA:207,14,0,0
BRDA:211,15,0,0
BRDA:211,15,1,0
BRDA:224,16,0,0
BRDA:224,16,1,0
BRDA:233,17,0,0
BRDA:233,17,1,0
BRDA:254,18,0,0
BRDA:254,18,1,0
BRDA:259,19,0,0
BRDA:259,19,1,0
BRDA:263,20,0,0
BRDA:263,20,1,0
BRDA:268,21,0,0
BRDA:268,21,1,0
BRDA:269,22,0,0
BRDA:269,22,1,0
BRDA:282,23,0,0
BRDA:282,23,1,0
BRDA:298,24,0,0
BRDA:298,24,1,0
BRDA:298,25,0,0
BRDA:298,25,1,0
BRDA:316,26,0,0
BRDA:316,26,1,0
BRDA:316,26,2,0
BRDA:316,26,3,0
BRDA:325,27,0,0
BRDA:325,27,1,0
BRDA:326,28,0,0
BRDA:326,28,1,0
BRDA:326,29,0,0
BRDA:326,29,1,0
BRDA:344,30,0,0
BRDA:344,30,1,0
BRDA:344,30,2,0
BRDA:344,30,3,0
BRDA:375,31,0,0
BRDA:375,31,1,0
BRDA:378,32,0,0
BRDA:382,33,0,0
BRDA:382,33,1,0
BRDA:389,34,0,0
BRDA:389,34,1,0
BRDA:390,35,0,0
BRDA:390,35,1,0
BRDA:398,36,0,0
BRDA:398,36,1,0
BRDA:400,37,0,0
BRDA:400,37,1,0
BRDA:400,38,0,0
BRDA:400,38,1,0
BRDA:400,39,0,0
BRDA:400,39,1,0
BRDA:423,40,0,0
BRDA:423,40,1,0
BRDA:457,41,0,0
BRDA:473,42,0,0
BRDA:473,42,1,0
BRDA:547,43,0,0
BRDA:547,43,1,0
BRF:94
BRH:0
end_of_record
TN:
SF:src/components/Header.tsx
FN:9,Header
FN:17,(anonymous_10)
FN:41,(anonymous_11)
FN:48,(anonymous_12)
FN:65,(anonymous_13)
FN:68,(anonymous_14)
FN:70,(anonymous_15)
FN:74,(anonymous_16)
FN:77,(anonymous_17)
FNF:9
FNH:3
FNDA:2,Header
FNDA:2,(anonymous_10)
FNDA:0,(anonymous_11)
FNDA:1,(anonymous_12)
FNDA:0,(anonymous_13)
FNDA:0,(anonymous_14)
FNDA:0,(anonymous_15)
FNDA:0,(anonymous_16)
FNDA:0,(anonymous_17)
DA:3,1
DA:4,1
DA:5,1
DA:6,1
DA:7,1
DA:9,1
DA:10,2
DA:11,2
DA:12,2
DA:13,2
DA:14,2
DA:17,2
DA:18,2
DA:24,0
DA:25,0
DA:28,2
DA:41,0
DA:48,1
DA:65,0
DA:68,0
DA:71,0
DA:72,0
DA:75,0
DA:78,0
DA:79,0
LF:25
LH:15
BRDA:18,0,0,0
BRDA:19,1,0,2
BRDA:19,1,1,2
BRDA:19,1,2,1
BRDA:19,1,3,1
BRDA:22,2,0,1
BRDA:22,2,1,0
BRDA:22,3,0,1
BRDA:22,3,1,1
BRDA:22,4,0,0
BRDA:22,4,1,1
BRDA:22,5,0,1
BRDA:22,5,1,1
BRF:13
BRH:10
end_of_record
TN:
SF:src/components/PerformanceMonitor.tsx
FN:14,PerformanceMonitor
FN:23,(anonymous_1)
FN:26,(anonymous_2)
FN:29,(anonymous_3)
FN:33,(anonymous_4)
FN:54,(anonymous_5)
FN:62,(anonymous_6)
FN:68,(anonymous_7)
FN:78,(anonymous_8)
FN:109,(anonymous_9)
FN:123,(anonymous_10)
FN:138,(anonymous_11)
FN:198,(anonymous_12)
FN:202,(anonymous_13)
FN:211,(anonymous_14)
FN:246,(anonymous_15)
FN:294,usePerformanceMonitor
FN:297,(anonymous_17)
FN:297,(anonymous_18)
FN:298,(anonymous_19)
FN:299,(anonymous_20)
FN:302,(anonymous_21)
FN:307,(anonymous_22)
FNF:23
FNH:0
FNDA:0,PerformanceMonitor
FNDA:0,(anonymous_1)
FNDA:0,(anonymous_2)
FNDA:0,(anonymous_3)
FNDA:0,(anonymous_4)
FNDA:0,(anonymous_5)
FNDA:0,(anonymous_6)
FNDA:0,(anonymous_7)
FNDA:0,(anonymous_8)
FNDA:0,(anonymous_9)
FNDA:0,(anonymous_10)
FNDA:0,(anonymous_11)
FNDA:0,(anonymous_12)
FNDA:0,(anonymous_13)
FNDA:0,(anonymous_14)
FNDA:0,(anonymous_15)
FNDA:0,usePerformanceMonitor
FNDA:0,(anonymous_17)
FNDA:0,(anonymous_18)
FNDA:0,(anonymous_19)
FNDA:0,(anonymous_20)
FNDA:0,(anonymous_21)
FNDA:0,(anonymous_22)
DA:3,0
DA:4,0
DA:5,0
DA:6,0
DA:7,0
DA:14,0
DA:16,0
DA:18,0
DA:20,0
DA:21,0
DA:23,0
DA:26,0
DA:27,0
DA:29,0
DA:30,0
DA:33,0
DA:36,0
DA:37,0
DA:54,0
DA:55,0
DA:56,0
DA:57,0
DA:58,0
DA:59,0
DA:62,0
DA:63,0
DA:64,0
DA:65,0
DA:68,0
DA:69,0
DA:71,0
DA:72,0
DA:73,0
DA:74,0
DA:75,0
DA:78,0
DA:79,0
DA:81,0
DA:83,0
DA:85,0
DA:87,0
DA:89,0
DA:93,0
DA:109,0
DA:124,0
DA:138,0
DA:199,0
DA:203,0
DA:211,0
DA:247,0
DA:294,0
DA:295,0
DA:297,0
DA:298,0
DA:299,0
DA:302,0
DA:303,0
DA:307,0
DA:311,0
LF:59
LH:0
BRDA:14,0,0,0
BRDA:27,1,0,0
BRDA:36,2,0,0
BRDA:46,3,0,0
BRDA:46,3,1,0
BRDA:55,4,0,0
BRDA:63,5,0,0
BRDA:64,6,0,0
BRDA:69,7,0,0
BRDA:72,8,0,0
BRDA:73,9,0,0
BRDA:74,10,0,0
BRDA:79,11,0,0
BRDA:79,11,1,0
BRDA:79,11,2,0
BRDA:79,11,3,0
BRDA:79,11,4,0
BRDA:102,12,0,0
BRDA:102,12,1,0
BRDA:104,13,0,0
BRDA:104,13,1,0
BRDA:110,14,0,0
BRDA:110,14,1,0
BRDA:119,15,0,0
BRDA:119,15,1,0
BRDA:127,16,0,0
BRDA:127,16,1,0
BRDA:129,17,0,0
BRDA:129,17,1,0
BRDA:147,18,0,0
BRDA:147,18,1,0
BRDA:159,19,0,0
BRDA:159,19,1,0
BRDA:159,20,0,0
BRDA:159,20,1,0
BRDA:159,21,0,0
BRDA:159,21,1,0
BRDA:163,22,0,0
BRDA:163,22,1,0
BRDA:163,23,0,0
BRDA:163,23,1,0
BRDA:163,24,0,0
BRDA:163,24,1,0
BRDA:165,25,0,0
BRDA:165,25,1,0
BRDA:175,26,0,0
BRDA:175,26,1,0
BRDA:187,27,0,0
BRDA:187,27,1,0
BRDA:196,28,0,0
BRDA:196,28,1,0
BRDA:203,29,0,0
BRDA:203,29,1,0
BRDA:208,30,0,0
BRDA:208,30,1,0
BRDA:219,31,0,0
BRDA:219,31,1,0
BRDA:219,32,0,0
BRDA:219,32,1,0
BRDA:221,33,0,0
BRDA:221,33,1,0
BRDA:221,34,0,0
BRDA:221,34,1,0
BRDA:226,35,0,0
BRDA:226,35,1,0
BRDA:242,36,0,0
BRDA:242,36,1,0
BRDA:242,36,2,0
BRDA:276,37,0,0
BRDA:276,37,1,0
BRDA:280,38,0,0
BRDA:280,38,1,0
BRDA:284,39,0,0
BRDA:284,39,1,0
BRF:74
BRH:0
end_of_record
TN:
SF:src/components/analytics/AnalyticsPanel.tsx
FN:18,AnalyticsPanel
FN:33,(anonymous_2)
FN:34,(anonymous_3)
FN:46,(anonymous_4)
FN:55,(anonymous_5)
FNF:5
FNH:1
FNDA:2,AnalyticsPanel
FNDA:0,(anonymous_2)
FNDA:0,(anonymous_3)
FNDA:0,(anonymous_4)
FNDA:0,(anonymous_5)
DA:3,1
DA:7,1
DA:8,1
DA:18,1
DA:23,2
DA:25,2
DA:33,0
DA:34,0
DA:47,0
DA:48,0
DA:56,0
DA:63,1
LF:12
LH:7
BRDA:56,0,0,0
BRF:1
BRH:0
end_of_record
TN:
SF:src/components/charts/ChartConfigModal.tsx
FN:17,ChartConfigModal
FN:26,(anonymous_10)
FN:26,(anonymous_11)
FN:28,(anonymous_12)
FN:42,(anonymous_13)
FN:51,(anonymous_14)
FN:66,(anonymous_15)
FN:69,(anonymous_16)
FNF:8
FNH:8
FNDA:1167,ChartConfigModal
FNDA:28,(anonymous_10)
FNDA:80,(anonymous_11)
FNDA:4,(anonymous_12)
FNDA:1133,(anonymous_13)
FNDA:2,(anonymous_14)
FNDA:2,(anonymous_15)
FNDA:3497,(anonymous_16)
DA:3,1
DA:6,1
DA:7,1
DA:17,1
DA:24,1167
DA:26,1167
DA:28,1167
DA:29,4
DA:30,4
DA:31,4
DA:34,1167
DA:42,1133
DA:51,2
DA:66,2
DA:70,3497
DA:88,1
LF:16
LH:16
BRF:0
BRH:0
end_of_record
TN:
SF:src/components/charts/ChartContainer.tsx
FN:20,ChartContainer
FN:27,(anonymous_1)
FN:51,(anonymous_2)
FNF:3
FNH:3
FNDA:31,ChartContainer
FNDA:28,(anonymous_1)
FNDA:7,(anonymous_2)
DA:3,1
DA:6,1
DA:7,1
DA:8,1
DA:9,1
DA:20,1
DA:27,31
DA:28,28
DA:29,28
DA:30,21
DA:32,7
DA:33,7
DA:51,31
DA:52,7
DA:54,7
DA:55,1
DA:68,6
DA:69,0
DA:83,6
DA:87,0
DA:101,6
DA:112,31
DA:143,1
LF:23
LH:21
BRDA:54,0,0,1
BRDA:68,1,0,0
BRDA:68,2,0,6
BRDA:68,2,1,6
BRDA:83,3,0,0
BRDA:84,4,0,6
BRDA:84,4,1,6
BRDA:84,4,2,6
BRDA:123,5,0,7
BRDA:123,5,1,24
BRDA:125,6,0,23
BRDA:125,6,1,1
BRDA:125,7,0,24
BRDA:125,7,1,1
BRF:14
BRH:12
end_of_record
TN:
SF:src/components/charts/ChartControls.tsx
FN:27,ChartControls
FN:39,(anonymous_1)
FN:40,handleClickOutside
FN:47,(anonymous_3)
FN:59,(anonymous_4)
FN:75,(anonymous_5)
FN:82,(anonymous_6)
FN:86,(anonymous_7)
FN:110,(anonymous_8)
FN:135,(anonymous_9)
FN:136,(anonymous_10)
FNF:11
FNH:10
FNDA:131,ChartControls
FNDA:73,(anonymous_1)
FNDA:16,handleClickOutside
FNDA:73,(anonymous_3)
FNDA:7,(anonymous_4)
FNDA:27,(anonymous_5)
FNDA:56,(anonymous_6)
FNDA:1,(anonymous_7)
FNDA:9,(anonymous_8)
FNDA:3,(anonymous_9)
FNDA:0,(anonymous_10)
DA:3,1
DA:6,1
DA:7,1
DA:8,1
DA:27,1
DA:35,131
DA:36,131
DA:37,131
DA:39,131
DA:41,16
DA:42,15
DA:46,73
DA:47,73
DA:48,73
DA:52,131
DA:59,7
DA:75,27
DA:83,56
DA:87,1
DA:88,1
DA:110,9
DA:135,3
DA:144,1
LF:23
LH:23
BRDA:41,0,0,15
BRDA:41,1,0,16
BRDA:41,1,1,16
BRDA:59,2,0,7
BRDA:59,2,1,7
BRDA:61,3,0,125
BRDA:61,3,1,6
BRDA:63,4,0,125
BRDA:63,4,1,6
BRDA:69,5,0,131
BRDA:69,5,1,118
BRDA:80,6,0,118
BRDA:80,6,1,28
BRDA:105,7,0,131
BRDA:105,7,1,126
BRDA:118,8,0,131
BRDA:118,8,1,126
BRDA:136,9,0,131
BRDA:136,9,1,5
BRF:19
BRH:19
end_of_record
TN:
SF:src/components/charts/ChartCreationModal.tsx
FN:97,ChartCreationModal
FN:113,(anonymous_10)
FN:117,(anonymous_11)
FN:121,(anonymous_12)
FN:126,(anonymous_13)
FN:129,(anonymous_14)
FN:133,(anonymous_15)
FN:134,(anonymous_16)
FN:138,(anonymous_17)
FN:139,(anonymous_18)
FN:151,(anonymous_19)
FN:154,(anonymous_20)
FN:160,(anonymous_21)
FN:172,(anonymous_22)
FN:204,(anonymous_23)
FN:205,(anonymous_24)
FN:206,(anonymous_25)
FN:210,(anonymous_26)
FN:221,(anonymous_27)
FN:224,(anonymous_28)
FN:232,(anonymous_29)
FN:276,(anonymous_30)
FN:280,(anonymous_31)
FN:316,(anonymous_32)
FN:337,(anonymous_33)
FN:369,(anonymous_34)
FN:371,(anonymous_35)
FN:373,(anonymous_36)
FN:377,(anonymous_37)
FN:408,(anonymous_38)
FN:426,(anonymous_39)
FN:432,(anonymous_40)
FN:433,(anonymous_41)
FN:448,(anonymous_42)
FN:451,(anonymous_43)
FN:472,(anonymous_44)
FN:504,(anonymous_45)
FNF:37
FNH:16
FNDA:7,ChartCreationModal
FNDA:7,(anonymous_10)
FNDA:49,(anonymous_11)
FNDA:14,(anonymous_12)
FNDA:7,(anonymous_13)
FNDA:0,(anonymous_14)
FNDA:0,(anonymous_15)
FNDA:0,(anonymous_16)
FNDA:35,(anonymous_17)
FNDA:70,(anonymous_18)
FNDA:12,(anonymous_19)
FNDA:24,(anonymous_20)
FNDA:12,(anonymous_21)
FNDA:0,(anonymous_22)
FNDA:0,(anonymous_23)
FNDA:0,(anonymous_24)
FNDA:0,(anonymous_25)
FNDA:0,(anonymous_26)
FNDA:0,(anonymous_27)
FNDA:0,(anonymous_28)
FNDA:1,(anonymous_29)
FNDA:24,(anonymous_30)
FNDA:0,(anonymous_31)
FNDA:0,(anonymous_32)
FNDA:0,(anonymous_33)
FNDA:12,(anonymous_34)
FNDA:18,(anonymous_35)
FNDA:12,(anonymous_36)
FNDA:0,(anonymous_37)
FNDA:0,(anonymous_38)
FNDA:0,(anonymous_39)
FNDA:0,(anonymous_40)
FNDA:0,(anonymous_41)
FNDA:0,(anonymous_42)
FNDA:18,(anonymous_43)
FNDA:0,(anonymous_44)
FNDA:0,(anonymous_45)
DA:3,1
DA:6,1
DA:7,1
DA:8,1
DA:35,1
DA:78,1
DA:89,1
DA:97,1
DA:104,7
DA:105,7
DA:106,7
DA:107,7
DA:108,7
DA:109,7
DA:110,7
DA:111,7
DA:113,7
DA:116,7
DA:117,49
DA:121,14
DA:123,7
DA:126,7
DA:127,7
DA:129,0
DA:130,0
DA:132,0
DA:133,0
DA:134,0
DA:138,7
DA:139,35
DA:140,70
DA:143,35
DA:144,28
DA:146,7
DA:151,7
DA:152,12
DA:154,12
DA:155,24
DA:158,12
DA:160,12
DA:161,12
DA:162,12
DA:163,12
DA:165,0
DA:169,0
DA:171,0
DA:173,0
DA:174,0
DA:175,0
DA:178,0
DA:180,0
DA:182,0
DA:184,0
DA:185,0
DA:187,0
DA:189,0
DA:190,0
DA:192,0
DA:195,0
DA:197,0
DA:200,0
DA:202,0
DA:204,0
DA:205,0
DA:206,0
DA:210,7
DA:211,0
DA:220,0
DA:221,0
DA:222,0
DA:224,0
DA:225,0
DA:229,0
DA:232,7
DA:233,1
DA:234,1
DA:237,0
DA:239,0
DA:250,0
DA:251,0
DA:252,0
DA:253,0
DA:254,0
DA:255,0
DA:256,0
DA:259,7
DA:261,6
DA:277,24
DA:281,0
DA:282,0
DA:283,0
DA:285,0
DA:286,0
DA:316,0
DA:337,0
DA:371,18
DA:374,12
DA:378,0
DA:379,0
DA:408,0
DA:426,0
DA:432,0
DA:434,0
DA:448,0
DA:452,18
DA:472,0
DA:504,0
LF:107
LH:48
BRDA:116,0,0,7
BRDA:116,0,1,0
BRDA:123,1,0,7
BRDA:123,1,1,0
BRDA:123,1,2,0
BRDA:123,2,0,7
BRDA:123,2,1,0
BRDA:123,3,0,7
BRDA:123,3,1,7
BRDA:127,4,0,7
BRDA:127,5,0,7
BRDA:127,5,1,0
BRDA:130,6,0,0
BRDA:134,7,0,0
BRDA:134,7,1,0
BRDA:143,8,0,28
BRDA:143,8,1,7
BRDA:151,9,0,0
BRDA:151,10,0,0
BRDA:152,11,0,0
BRDA:158,12,0,12
BRDA:161,13,0,12
BRDA:162,14,0,0
BRDA:162,15,0,12
BRDA:162,15,1,0
BRDA:163,16,0,12
BRDA:163,17,0,12
BRDA:163,17,1,12
BRDA:178,18,0,0
BRDA:178,18,1,0
BRDA:180,19,0,0
BRDA:180,19,1,0
BRDA:182,20,0,0
BRDA:182,20,1,0
BRDA:184,21,0,0
BRDA:184,21,1,0
BRDA:187,22,0,0
BRDA:187,22,1,0
BRDA:189,23,0,0
BRDA:189,23,1,0
BRDA:192,24,0,0
BRDA:192,24,1,0
BRDA:197,25,0,0
BRDA:200,26,0,0
BRDA:200,27,0,0
BRDA:200,27,1,0
BRDA:205,28,0,0
BRDA:205,28,1,0
BRDA:221,29,0,0
BRDA:221,30,0,0
BRDA:221,30,1,0
BRDA:224,31,0,0
BRDA:224,32,0,0
BRDA:224,32,1,0
BRDA:234,33,0,1
BRDA:237,34,0,0
BRDA:237,34,1,0
BRDA:237,35,0,0
BRDA:237,35,1,0
BRDA:237,36,0,0
BRDA:237,36,1,0
BRDA:237,37,0,0
BRDA:237,37,1,0
BRDA:242,38,0,0
BRDA:242,38,1,0
BRDA:242,39,0,0
BRDA:242,39,1,0
BRDA:242,40,0,0
BRDA:242,40,1,0
BRDA:246,41,0,0
BRDA:246,41,1,0
BRDA:259,42,0,1
BRDA:285,43,0,0
BRDA:285,43,1,0
BRDA:289,44,0,6
BRDA:289,44,1,18
BRDA:297,45,0,0
BRDA:297,45,1,24
BRDA:307,46,0,6
BRDA:307,46,1,0
BRDA:307,47,0,0
BRDA:307,47,1,6
BRDA:307,48,0,6
BRDA:307,48,1,6
BRDA:334,49,0,6
BRDA:334,49,1,0
BRDA:354,50,0,0
BRDA:354,50,1,6
BRDA:356,51,0,0
BRDA:356,51,1,0
BRDA:362,52,0,6
BRDA:362,52,1,6
BRDA:382,53,0,0
BRDA:382,53,1,12
BRDA:391,54,0,12
BRDA:391,54,1,12
BRDA:403,55,0,6
BRDA:403,55,1,0
BRDA:419,56,0,6
BRDA:419,56,1,0
BRDA:419,57,0,0
BRDA:419,57,1,6
BRDA:419,58,0,6
BRDA:419,58,1,6
BRDA:443,59,0,6
BRDA:443,59,1,6
BRDA:443,60,0,0
BRDA:443,60,1,6
BRDA:443,61,0,6
BRDA:443,61,1,6
BRDA:461,62,0,6
BRDA:461,62,1,6
BRDA:461,63,0,0
BRDA:461,63,1,6
BRDA:461,64,0,6
BRDA:461,64,1,6
BRDA:472,65,0,0
BRDA:472,65,1,0
BRDA:484,66,0,6
BRDA:484,66,1,0
BRDA:484,66,2,0
BRDA:505,67,0,0
BRDA:505,67,1,6
BRDA:505,68,0,6
BRDA:505,68,1,6
BRDA:505,69,0,6
BRDA:505,69,1,6
BRDA:505,70,0,0
BRDA:505,70,1,6
BRDA:518,71,0,6
BRDA:518,71,1,0
BRDA:518,71,2,0
BRDA:518,72,0,0
BRDA:518,72,1,0
BRDA:518,73,0,0
BRDA:518,73,1,0
BRF:136
BRH:54
end_of_record
TN:
SF:src/components/charts/NumericRangeEditor.tsx
FN:18,NumericRangeEditor
FN:27,(anonymous_1)
FN:33,(anonymous_2)
FN:46,(anonymous_3)
FN:47,(anonymous_4)
FN:55,(anonymous_5)
FN:56,(anonymous_6)
FN:63,(anonymous_7)
FN:64,(anonymous_8)
FN:94,(anonymous_9)
FN:104,(anonymous_10)
FN:115,(anonymous_11)
FN:128,(anonymous_12)
FN:140,(anonymous_13)
FN:153,(anonymous_14)
FN:171,(anonymous_15)
FN:199,formatRangePreview
FNF:17
FNH:3
FNDA:2,NumericRangeEditor
FNDA:0,(anonymous_1)
FNDA:0,(anonymous_2)
FNDA:0,(anonymous_3)
FNDA:0,(anonymous_4)
FNDA:0,(anonymous_5)
FNDA:0,(anonymous_6)
FNDA:10,(anonymous_7)
FNDA:10,(anonymous_8)
FNDA:0,(anonymous_9)
FNDA:0,(anonymous_10)
FNDA:0,(anonymous_11)
FNDA:0,(anonymous_12)
FNDA:0,(anonymous_13)
FNDA:0,(anonymous_14)
FNDA:0,(anonymous_15)
FNDA:0,formatRangePreview
DA:3,1
DA:5,1
DA:6,1
DA:7,1
DA:8,1
DA:18,1
DA:25,2
DA:27,2
DA:28,0
DA:29,0
DA:30,0
DA:33,2
DA:34,0
DA:42,0
DA:43,0
DA:46,2
DA:47,0
DA:48,0
DA:51,0
DA:52,0
DA:55,2
DA:56,0
DA:57,0
DA:59,0
DA:60,0
DA:63,10
DA:64,10
DA:66,2
DA:95,0
DA:104,0
DA:115,0
DA:128,0
DA:140,0
DA:153,0
DA:171,0
DA:200,0
DA:201,0
DA:203,0
DA:204,0
DA:207,0
LF:40
LH:14
BRDA:47,0,0,0
BRDA:47,0,1,0
BRDA:52,1,0,0
BRDA:52,1,1,0
BRDA:60,2,0,0
BRDA:60,2,1,0
BRDA:87,3,0,2
BRDA:87,3,1,0
BRDA:115,4,0,0
BRDA:115,4,1,0
BRDA:140,5,0,0
BRDA:140,5,1,0
BRDA:182,6,0,2
BRDA:182,6,1,2
BRDA:200,7,0,0
BRDA:200,7,1,0
BRDA:201,8,0,0
BRDA:201,8,1,0
BRDA:203,9,0,0
BRDA:204,10,0,0
BRDA:204,10,1,0
BRDA:204,11,0,0
BRDA:204,11,1,0
BRF:23
BRH:3
end_of_record
TN:
SF:src/components/filters/DateRangeFilter.tsx
FN:11,toDateInputValue
FN:20,DateRangeFilter
FN:29,(anonymous_3)
FN:41,(anonymous_4)
FNF:4
FNH:0
FNDA:0,toDateInputValue
FNDA:0,DateRangeFilter
FNDA:0,(anonymous_3)
FNDA:0,(anonymous_4)
DA:3,0
DA:12,0
DA:13,0
DA:14,0
DA:15,0
DA:16,0
DA:17,0
DA:20,0
DA:21,0
DA:23,0
DA:30,0
DA:42,0
LF:12
LH:0
BRDA:12,0,0,0
BRDA:12,0,1,0
BRDA:12,1,0,0
BRDA:12,1,1,0
BRDA:13,2,0,0
BRDA:13,3,0,0
BRDA:13,3,1,0
BRDA:21,4,0,0
BRDA:21,4,1,0
BRDA:31,5,0,0
BRDA:31,5,1,0
BRDA:44,6,0,0
BRDA:44,6,1,0
BRF:13
BRH:0
end_of_record
TN:
SF:src/components/filters/RangeFilter.tsx
FN:11,RangeFilter
FN:19,(anonymous_2)
FN:26,(anonymous_3)
FNF:3
FNH:0
FNDA:0,RangeFilter
FNDA:0,(anonymous_2)
FNDA:0,(anonymous_3)
DA:3,0
DA:11,0
DA:12,0
DA:13,0
DA:19,0
DA:26,0
LF:6
LH:0
BRDA:18,0,0,0
BRDA:18,0,1,0
BRDA:18,1,0,0
BRDA:18,1,1,0
BRDA:18,2,0,0
BRDA:18,2,1,0
BRDA:18,3,0,0
BRDA:18,3,1,0
BRDA:19,4,0,0
BRDA:19,4,1,0
BRDA:19,5,0,0
BRDA:19,5,1,0
BRDA:19,6,0,0
BRDA:19,6,1,0
BRDA:19,7,0,0
BRDA:19,7,1,0
BRDA:25,8,0,0
BRDA:25,8,1,0
BRDA:25,9,0,0
BRDA:25,9,1,0
BRDA:25,10,0,0
BRDA:25,10,1,0
BRDA:25,11,0,0
BRDA:25,11,1,0
BRDA:26,12,0,0
BRDA:26,12,1,0
BRDA:26,13,0,0
BRDA:26,13,1,0
BRDA:26,14,0,0
BRDA:26,14,1,0
BRDA:26,15,0,0
BRDA:26,15,1,0
BRF:32
BRH:0
end_of_record
TN:
SF:src/components/filters/SearchFilter.tsx
FN:11,SearchFilter
FN:25,(anonymous_2)
FN:37,(anonymous_3)
FN:51,(anonymous_4)
FNF:4
FNH:4
FNDA:31,SearchFilter
FNDA:15,(anonymous_2)
FNDA:6,(anonymous_3)
FNDA:5,(anonymous_4)
DA:3,1
DA:11,1
DA:12,31
DA:18,31
DA:26,15
DA:38,6
DA:52,5
LF:7
LH:7
BRDA:12,0,0,31
BRDA:12,0,1,2
BRF:2
BRH:2
end_of_record
TN:
SF:src/components/filters/SelectFilter.tsx
FN:13,SelectFilter
FN:17,(anonymous_10)
FN:19,(anonymous_11)
FN:21,(anonymous_12)
FN:22,(anonymous_13)
FN:23,(anonymous_14)
FN:23,(anonymous_15)
FN:33,(anonymous_16)
FN:39,(anonymous_17)
FN:45,(anonymous_18)
FNF:10
FNH:0
FNDA:0,SelectFilter
FNDA:0,(anonymous_10)
FNDA:0,(anonymous_11)
FNDA:0,(anonymous_12)
FNDA:0,(anonymous_13)
FNDA:0,(anonymous_14)
FNDA:0,(anonymous_15)
FNDA:0,(anonymous_16)
FNDA:0,(anonymous_17)
FNDA:0,(anonymous_18)
DA:3,0
DA:13,0
DA:14,0
DA:15,0
DA:16,0
DA:17,0
DA:18,0
DA:19,0
DA:21,0
DA:22,0
DA:23,0
DA:24,0
DA:26,0
DA:33,0
DA:40,0
DA:45,0
LF:16
LH:0
BRDA:13,0,0,0
BRDA:15,1,0,0
BRDA:15,1,1,0
BRDA:18,2,0,0
BRDA:22,3,0,0
BRDA:22,3,1,0
BRDA:36,4,0,0
BRDA:36,4,1,0
BRDA:50,5,0,0
BRDA:50,5,1,0
BRF:10
BRH:0
end_of_record
TN:
SF:src/components/openrouter/OpenRouterSettingsModal.tsx
FN:12,OpenRouterSettingsModal
FN:32,(anonymous_2)
FN:33,(anonymous_3)
FN:34,(anonymous_4)
FN:45,(anonymous_5)
FNF:5
FNH:1
FNDA:22,OpenRouterSettingsModal
FNDA:0,(anonymous_2)
FNDA:0,(anonymous_3)
FNDA:0,(anonymous_4)
FNDA:0,(anonymous_5)
DA:3,3
DA:4,3
DA:5,3
DA:12,3
DA:13,22
DA:15,22
DA:32,0
DA:33,0
DA:35,0
DA:45,0
LF:10
LH:6
BRF:0
BRH:0
end_of_record
TN:
SF:src/components/openrouter/PassphraseModal.tsx
FN:15,PassphraseModal
FN:27,(anonymous_2)
FNF:2
FNH:0
FNDA:0,PassphraseModal
FNDA:0,(anonymous_2)
DA:3,0
DA:4,0
DA:5,0
DA:15,0
DA:16,0
DA:18,0
DA:27,0
DA:33,0
LF:8
LH:0
BRF:0
BRH:0
end_of_record
TN:
SF:src/components/presentational/analytics/AnalyticsPanelView.tsx
FN:51,AnalyticsPanelView
FN:108,(anonymous_2)
FN:114,(anonymous_3)
FN:128,(anonymous_4)
FN:137,(anonymous_5)
FN:201,(anonymous_6)
FN:205,(anonymous_7)
FN:216,(anonymous_8)
FN:237,(anonymous_9)
FN:262,(anonymous_10)
FN:272,(anonymous_11)
FN:286,renderFriendlyOpenRouterError
FNF:12
FNH:8
FNDA:12,AnalyticsPanelView
FNDA:0,(anonymous_2)
FNDA:1,(anonymous_3)
FNDA:0,(anonymous_4)
FNDA:0,(anonymous_5)
FNDA:1,(anonymous_6)
FNDA:1,(anonymous_7)
FNDA:1,(anonymous_8)
FNDA:0,(anonymous_9)
FNDA:1,(anonymous_10)
FNDA:1,(anonymous_11)
FNDA:1,renderFriendlyOpenRouterError
DA:3,2
DA:4,2
DA:5,2
DA:6,2
DA:7,2
DA:51,2
DA:80,12
DA:82,12
DA:108,0
DA:114,1
DA:128,0
DA:137,0
DA:202,1
DA:206,1
DA:216,1
DA:237,0
DA:262,1
DA:273,1
DA:287,1
DA:288,1
DA:289,1
DA:304,0
LF:22
LH:17
BRDA:87,0,0,12
BRDA:87,0,1,1
BRDA:87,0,2,1
BRDA:95,1,0,12
BRDA:95,1,1,1
BRDA:109,2,0,9
BRDA:109,2,1,3
BRDA:115,3,0,3
BRDA:115,3,1,9
BRDA:141,4,0,1
BRDA:141,4,1,11
BRDA:146,5,0,12
BRDA:146,5,1,9
BRDA:148,6,0,9
BRDA:148,6,1,6
BRDA:154,7,0,9
BRDA:154,7,1,1
BRDA:166,8,0,1
BRDA:166,8,1,8
BRDA:172,9,0,1
BRDA:172,9,1,8
BRDA:174,10,0,1
BRDA:174,10,1,8
BRDA:175,11,0,1
BRDA:175,11,1,8
BRDA:177,12,0,1
BRDA:177,12,1,8
BRDA:194,13,0,9
BRDA:194,13,1,0
BRDA:197,14,0,9
BRDA:197,14,1,8
BRDA:197,14,2,7
BRDA:212,15,0,1
BRDA:212,15,1,0
BRDA:207,16,0,1
BRDA:207,16,1,0
BRDA:228,17,0,12
BRDA:228,17,1,3
BRDA:230,18,0,3
BRDA:230,18,1,1
BRDA:241,19,0,3
BRDA:241,19,1,1
BRDA:252,20,0,1
BRDA:252,20,1,2
BRDA:262,21,0,2
BRDA:262,21,1,1
BRDA:268,22,0,3
BRDA:268,22,1,1
BRDA:272,23,0,2
BRDA:272,23,1,1
BRDA:272,24,0,3
BRDA:272,24,1,3
BRDA:272,25,0,2
BRDA:272,25,1,1
BRDA:272,26,0,3
BRDA:272,26,1,1
BRDA:288,27,0,1
BRDA:288,28,0,1
BRDA:288,28,1,1
BRF:59
BRH:56
end_of_record
TN:
SF:src/components/presentational/openrouter/ModelList.tsx
FN:10,formatCompact
FN:28,formatPrice
FN:33,ModelList
FN:34,(anonymous_12)
FN:49,(anonymous_13)
FN:59,(anonymous_14)
FN:60,(anonymous_15)
FNF:7
FNH:6
FNDA:14,formatCompact
FNDA:42,formatPrice
FNDA:8,ModelList
FNDA:8,(anonymous_12)
FNDA:14,(anonymous_13)
FNDA:1,(anonymous_14)
FNDA:0,(anonymous_15)
DA:1,6
DA:11,14
DA:12,4
DA:13,4
DA:14,0
DA:15,0
DA:17,4
DA:18,0
DA:19,0
DA:21,4
DA:22,4
DA:23,4
DA:25,0
DA:29,42
DA:30,10
DA:33,6
DA:34,8
DA:36,8
DA:50,14
DA:51,14
DA:52,14
DA:53,14
DA:59,1
DA:61,0
DA:62,0
DA:63,0
LF:26
LH:18
BRDA:11,0,0,10
BRDA:11,1,0,14
BRDA:11,1,1,4
BRDA:13,2,0,0
BRDA:15,3,0,0
BRDA:15,3,1,0
BRDA:17,4,0,0
BRDA:19,5,0,0
BRDA:19,5,1,0
BRDA:21,6,0,4
BRDA:23,7,0,4
BRDA:23,7,1,0
BRDA:29,8,0,32
BRDA:50,9,0,14
BRDA:50,9,1,0
BRDA:61,10,0,0
BRDA:61,11,0,0
BRDA:61,11,1,0
BRDA:68,12,0,6
BRDA:68,12,1,8
BRDA:70,13,0,14
BRDA:70,13,1,0
BRDA:70,13,2,0
BRDA:71,14,0,14
BRDA:71,14,1,0
BRDA:71,14,2,0
BRDA:78,15,0,4
BRDA:78,15,1,10
BRDA:82,16,0,4
BRDA:82,16,1,10
BRDA:82,17,0,10
BRDA:82,17,1,4
BRDA:82,18,0,14
BRDA:82,18,1,14
BRDA:83,19,0,10
BRDA:83,19,1,4
BRDA:83,20,0,14
BRDA:83,20,1,14
BRDA:85,21,0,4
BRDA:85,21,1,10
BRDA:85,22,0,10
BRDA:85,22,1,4
BRDA:85,23,0,14
BRDA:85,23,1,14
BRDA:86,24,0,10
BRDA:86,24,1,4
BRDA:86,25,0,14
BRDA:86,25,1,14
BRDA:88,26,0,2
BRDA:88,26,1,12
BRDA:88,27,0,10
BRDA:88,27,1,4
BRDA:88,28,0,14
BRDA:88,28,1,14
BRDA:89,29,0,10
BRDA:89,29,1,4
BRDA:89,30,0,14
BRDA:89,30,1,14
BRF:58
BRH:43
end_of_record
TN:
SF:src/components/presentational/openrouter/OpenRouterSettingsModalView.tsx
FN:62,OpenRouterSettingsModalView
FN:131,(anonymous_2)
FN:154,(anonymous_3)
FN:169,(anonymous_4)
FN:194,(anonymous_5)
FN:229,(anonymous_6)
FN:258,(anonymous_7)
FN:263,(anonymous_8)
FN:275,(anonymous_9)
FN:289,(anonymous_10)
FN:318,(anonymous_11)
FN:319,(anonymous_12)
FN:345,(anonymous_13)
FN:351,(anonymous_14)
FN:354,(anonymous_15)
FNF:15
FNH:11
FNDA:28,OpenRouterSettingsModalView
FNDA:0,(anonymous_2)
FNDA:0,(anonymous_3)
FNDA:0,(anonymous_4)
FNDA:0,(anonymous_5)
FNDA:1,(anonymous_6)
FNDA:1,(anonymous_7)
FNDA:10,(anonymous_8)
FNDA:1,(anonymous_9)
FNDA:1,(anonymous_10)
FNDA:5,(anonymous_11)
FNDA:5,(anonymous_12)
FNDA:1,(anonymous_13)
FNDA:81,(anonymous_14)
FNDA:1,(anonymous_15)
DA:3,6
DA:4,6
DA:5,6
DA:6,6
DA:7,6
DA:62,6
DA:103,28
DA:105,27
DA:131,0
DA:154,0
DA:169,0
DA:194,0
DA:229,1
DA:258,1
DA:264,10
DA:275,1
DA:289,1
DA:319,5
DA:320,5
DA:321,5
DA:345,1
DA:352,81
DA:354,1
LF:23
LH:19
BRDA:128,0,0,0
BRDA:128,0,1,27
BRDA:141,1,0,0
BRDA:141,1,1,27
BRDA:166,2,0,0
BRDA:166,2,1,27
BRDA:179,3,0,0
BRDA:179,3,1,27
BRDA:191,4,0,0
BRDA:191,4,1,27
BRDA:204,5,0,0
BRDA:204,5,1,27
BRDA:217,6,0,27
BRDA:217,6,1,1
BRDA:217,6,2,1
BRDA:217,6,3,1
BRDA:217,6,4,1
BRDA:230,7,0,27
BRDA:230,7,1,1
BRDA:263,8,0,27
BRDA:263,8,1,0
BRDA:276,9,0,27
BRDA:276,9,1,27
BRDA:286,10,0,0
BRDA:286,10,1,27
BRDA:299,11,0,0
BRDA:299,11,1,27
BRDA:307,12,0,27
BRDA:307,12,1,1
BRDA:313,13,0,27
BRDA:313,13,1,0
BRDA:314,14,0,27
BRDA:314,14,1,5
BRDA:317,15,0,5
BRDA:317,15,1,5
BRDA:320,16,0,5
BRDA:320,16,1,0
BRDA:320,17,0,0
BRDA:320,17,1,5
BRDA:320,18,0,5
BRDA:320,18,1,5
BRDA:355,19,0,27
BRDA:355,19,1,54
BRF:43
BRH:31
end_of_record
TN:
SF:src/components/presentational/openrouter/PassphraseModalView.tsx
FN:21,PassphraseModalView
FN:44,(anonymous_2)
FNF:2
FNH:1
FNDA:2,PassphraseModalView
FNDA:0,(anonymous_2)
DA:3,6
DA:4,6
DA:5,6
DA:6,6
DA:21,6
DA:32,2
DA:44,0
LF:7
LH:6
BRDA:42,0,0,0
BRDA:42,0,1,2
BRDA:54,1,0,0
BRDA:54,1,1,2
BRDA:62,2,0,2
BRDA:62,2,1,0
BRDA:67,3,0,2
BRDA:67,3,1,1
BRDA:68,4,0,0
BRDA:68,4,1,2
BRF:10
BRH:6
end_of_record
TN:
SF:src/components/presentational/upload/Dropzone.tsx
FN:11,Dropzone
FNF:1
FNH:1
FNDA:1,Dropzone
DA:1,1
DA:2,1
DA:3,1
DA:11,1
DA:12,1
LF:5
LH:5
BRDA:14,0,0,0
BRDA:14,0,1,1
BRDA:18,1,0,0
BRDA:18,1,1,1
BRF:4
BRH:2
end_of_record
TN:
SF:src/components/presentational/upload/ErrorBanner.tsx
FN:8,ErrorBanner
FNF:1
FNH:1
FNDA:1,ErrorBanner
DA:1,1
DA:2,1
DA:8,1
DA:9,1
DA:10,0
LF:5
LH:4
BRDA:9,0,0,1
BRF:1
BRH:1
end_of_record
TN:
SF:src/components/presentational/upload/UploadProgress.tsx
FN:10,UploadProgress
FNF:1
FNH:0
FNDA:0,UploadProgress
DA:1,1
DA:2,1
DA:4,1
DA:10,1
DA:11,0
LF:5
LH:4
BRDA:16,0,0,0
BRDA:16,0,1,0
BRDA:16,1,0,0
BRDA:16,1,1,0
BRDA:16,2,0,0
BRDA:16,2,1,0
BRDA:24,3,0,0
BRDA:24,3,1,0
BRDA:24,3,2,0
BRDA:24,4,0,0
BRDA:24,4,1,0
BRDA:24,5,0,0
BRDA:24,5,1,0
BRDA:24,6,0,0
BRDA:24,6,1,0
BRDA:24,7,0,0
BRDA:24,7,1,0
BRF:17
BRH:0
end_of_record
TN:
SF:src/components/session/SessionListItem.tsx
FN:13,SessionListItem
FN:20,(anonymous_2)
FN:24,(anonymous_3)
FN:39,(anonymous_4)
FNF:4
FNH:0
FNDA:0,SessionListItem
FNDA:0,(anonymous_2)
FNDA:0,(anonymous_3)
FNDA:0,(anonymous_4)
DA:3,1
DA:13,1
DA:14,0
DA:15,0
DA:20,0
DA:25,0
DA:40,0
DA:41,0
LF:8
LH:2
BRDA:18,0,0,0
BRDA:18,0,1,0
BRDA:25,1,0,0
BRDA:30,2,0,0
BRDA:30,2,1,0
BRDA:33,3,0,0
BRDA:33,3,1,0
BRDA:33,4,0,0
BRDA:33,4,1,0
BRDA:43,5,0,0
BRDA:43,5,1,0
BRF:11
BRH:0
end_of_record
TN:
SF:src/components/session/SessionManagerModal.tsx
FN:16,SessionManagerModal
FN:28,(anonymous_10)
FN:32,(anonymous_11)
FN:42,(anonymous_12)
FN:82,(anonymous_13)
FN:88,(anonymous_14)
FN:100,(anonymous_15)
FN:105,(anonymous_16)
FN:112,(anonymous_17)
FN:113,(anonymous_18)
FN:165,(anonymous_19)
FNF:11
FNH:2
FNDA:2,SessionManagerModal
FNDA:2,(anonymous_10)
FNDA:0,(anonymous_11)
FNDA:0,(anonymous_12)
FNDA:0,(anonymous_13)
FNDA:0,(anonymous_14)
FNDA:0,(anonymous_15)
FNDA:0,(anonymous_16)
FNDA:0,(anonymous_17)
FNDA:0,(anonymous_18)
FNDA:0,(anonymous_19)
DA:3,1
DA:5,1
DA:16,1
DA:24,2
DA:25,2
DA:26,2
DA:28,2
DA:29,2
DA:30,2
DA:31,2
DA:32,0
DA:33,0
DA:34,0
DA:38,0
DA:41,2
DA:42,2
DA:43,0
DA:45,0
DA:47,0
DA:49,0
DA:52,0
DA:55,2
DA:58,2
DA:60,0
DA:82,0
DA:88,0
DA:101,0
DA:105,0
DA:113,0
DA:114,0
DA:115,0
DA:116,0
DA:165,0
LF:33
LH:14
BRDA:31,0,0,0
BRDA:34,1,0,0
BRDA:34,1,1,0
BRDA:43,2,0,0
BRDA:43,2,1,0
BRDA:43,2,2,0
BRDA:43,2,3,0
BRDA:43,2,4,0
BRDA:45,3,0,0
BRDA:45,3,1,0
BRDA:45,4,0,0
BRDA:45,4,1,0
BRDA:47,5,0,0
BRDA:47,5,1,0
BRDA:47,6,0,0
BRDA:47,6,1,0
BRDA:49,7,0,0
BRDA:49,7,1,0
BRDA:49,8,0,0
BRDA:49,8,1,0
BRDA:52,9,0,0
BRDA:52,9,1,0
BRDA:58,10,0,2
BRDA:99,11,0,0
BRDA:99,11,1,0
BRDA:111,12,0,0
BRDA:111,12,1,0
BRDA:114,13,0,0
BRDA:120,14,0,0
BRDA:120,14,1,0
BRDA:133,15,0,0
BRDA:133,15,1,0
BRDA:133,15,2,0
BRDA:151,16,0,0
BRDA:151,16,1,0
BRDA:165,17,0,0
BRDA:165,17,1,0
BRF:37
BRH:1
end_of_record
TN:
SF:src/components/session/SessionRestoreProgress.tsx
FN:49,SessionRestoreProgress
FN:57,(anonymous_10)
FN:63,(anonymous_11)
FNF:3
FNH:0
FNDA:0,SessionRestoreProgress
FNDA:0,(anonymous_10)
FNDA:0,(anonymous_11)
DA:3,0
DA:4,0
DA:22,0
DA:31,0
DA:40,0
DA:49,0
DA:54,0
DA:55,0
DA:57,0
DA:58,0
DA:59,0
DA:63,0
DA:64,0
DA:65,0
DA:66,0
DA:69,0
DA:70,0
DA:71,0
DA:73,0
DA:74,0
DA:75,0
DA:76,0
DA:77,0
DA:79,0
DA:82,0
DA:86,0
DA:88,0
LF:27
LH:0
BRDA:58,0,0,0
BRDA:58,1,0,0
BRDA:58,1,1,0
BRDA:58,1,2,0
BRDA:58,1,3,0
BRDA:64,2,0,0
BRDA:64,3,0,0
BRDA:64,3,1,0
BRDA:64,3,2,0
BRDA:73,4,0,0
BRDA:73,4,1,0
BRDA:74,5,0,0
BRDA:74,5,1,0
BRDA:76,6,0,0
BRDA:76,6,1,0
BRDA:86,7,0,0
BRDA:86,8,0,0
BRDA:86,8,1,0
BRDA:113,9,0,0
BRDA:113,9,1,0
BRDA:138,10,0,0
BRDA:138,10,1,0
BRDA:153,11,0,0
BRDA:153,11,1,0
BRF:24
BRH:0
end_of_record
TN:
SF:src/components/ui/Badge.tsx
FN:9,Badge
FNF:1
FNH:1
FNDA:24,Badge
DA:1,1
DA:9,1
DA:10,24
DA:12,24
DA:19,24
LF:5
LH:5
BRDA:9,0,0,14
BRDA:9,1,0,22
BRF:2
BRH:2
end_of_record
TN:
SF:src/components/ui/Button.tsx
FN:10,Button
FNF:1
FNH:1
FNDA:82,Button
DA:1,7
DA:2,7
DA:10,7
DA:16,82
DA:17,82
DA:20,82
DA:22,82
DA:31,82
DA:38,82
LF:9
LH:9
BRDA:12,0,0,40
BRDA:13,1,0,57
BRDA:14,2,0,78
BRDA:41,3,0,82
BRDA:41,3,1,56
BRDA:44,4,0,82
BRDA:44,4,1,3
BRF:7
BRH:7
end_of_record
TN:
SF:src/components/ui/Card.tsx
FN:10,Card
FN:40,CardHeader
FN:49,CardContent
FN:58,CardFooter
FN:67,CardTitle
FN:76,CardDescription
FNF:6
FNH:6
FNDA:41,Card
FNDA:8,CardHeader
FNDA:9,CardContent
FNDA:4,CardFooter
FNDA:8,CardTitle
FNDA:5,CardDescription
DA:1,1
DA:10,1
DA:11,41
DA:13,41
DA:20,41
DA:26,41
DA:40,1
DA:41,8
DA:49,1
DA:50,9
DA:58,1
DA:59,4
DA:67,1
DA:68,8
DA:76,1
DA:77,5
LF:16
LH:16
BRDA:10,0,0,37
BRDA:10,1,0,34
BRDA:10,2,0,35
BRDA:40,3,0,7
BRDA:49,4,0,8
BRDA:58,5,0,3
BRDA:67,6,0,7
BRDA:76,7,0,4
BRF:8
BRH:8
end_of_record
TN:
SF:src/components/ui/LoadingSpinner.tsx
FN:12,LoadingSpinner
FNF:1
FNH:1
FNDA:38,LoadingSpinner
DA:1,2
DA:2,2
DA:12,2
DA:19,38
DA:25,38
LF:5
LH:5
BRDA:13,0,0,34
BRDA:16,1,0,20
BRDA:48,2,0,38
BRDA:48,2,1,16
BRDA:48,2,2,15
BRDA:51,3,0,15
BRDA:51,3,1,12
BRDA:63,4,0,38
BRDA:63,4,1,8
BRDA:63,4,2,5
BRF:10
BRH:10
end_of_record
TN:
SF:src/components/ui/Modal.tsx
FN:15,Modal
FNF:1
FNH:1
FNDA:65,Modal
DA:3,7
DA:4,7
DA:5,7
DA:15,7
DA:16,65
DA:23,65
DA:25,65
LF:7
LH:7
BRDA:15,0,0,32
BRF:1
BRH:1
end_of_record
TN:
SF:src/components/ui/SpinnerIcon.tsx
FN:7,SpinnerIcon
FNF:1
FNH:1
FNDA:3,SpinnerIcon
DA:1,2
DA:7,2
DA:8,3
LF:3
LH:3
BRDA:10,0,0,3
BRDA:10,0,1,0
BRF:2
BRH:1
end_of_record
TN:
SF:src/components/ui/Toast.tsx
FN:49,ToastItem
FN:53,(anonymous_10)
FN:54,(anonymous_11)
FN:56,(anonymous_12)
FN:59,(anonymous_13)
FN:87,(anonymous_14)
FN:89,(anonymous_15)
FN:103,ToastProvider
FN:106,(anonymous_17)
FN:121,(anonymous_18)
FN:124,(anonymous_19)
FN:125,(anonymous_20)
FN:125,(anonymous_21)
FN:136,ToastContainer
FN:140,(anonymous_23)
FN:148,useToast
FNF:16
FNH:0
FNDA:0,ToastItem
FNDA:0,(anonymous_10)
FNDA:0,(anonymous_11)
FNDA:0,(anonymous_12)
FNDA:0,(anonymous_13)
FNDA:0,(anonymous_14)
FNDA:0,(anonymous_15)
FNDA:0,ToastProvider
FNDA:0,(anonymous_17)
FNDA:0,(anonymous_18)
FNDA:0,(anonymous_19)
FNDA:0,(anonymous_20)
FNDA:0,(anonymous_21)
FNDA:0,ToastContainer
FNDA:0,(anonymous_23)
FNDA:0,useToast
DA:3,0
DA:4,0
DA:5,0
DA:33,0
DA:35,0
DA:42,0
DA:50,0
DA:51,0
DA:53,0
DA:54,0
DA:55,0
DA:56,0
DA:59,0
DA:62,0
DA:88,0
DA:89,0
DA:103,0
DA:104,0
DA:106,0
DA:107,0
DA:108,0
DA:111,0
DA:113,0
DA:121,0
DA:124,0
DA:125,0
DA:128,0
DA:137,0
DA:141,0
DA:148,0
DA:149,0
DA:150,0
DA:151,0
DA:153,0
LF:34
LH:0
BRDA:57,0,0,0
BRDA:57,0,1,0
BRDA:81,1,0,0
BRDA:81,1,1,0
BRDA:111,2,0,0
BRDA:111,2,1,0
BRDA:111,3,0,0
BRDA:111,3,1,0
BRDA:150,4,0,0
BRF:9
BRH:0
end_of_record
TN:
SF:src/hooks/useAnalyticsPanel.ts
FN:15,useAnalyticsPanel
FN:28,(anonymous_1)
FN:33,(anonymous_2)
FN:57,(anonymous_3)
FN:57,(anonymous_4)
FN:62,(anonymous_5)
FNF:6
FNH:5
FNDA:2,useAnalyticsPanel
FNDA:1,(anonymous_1)
FNDA:1,(anonymous_2)
FNDA:1,(anonymous_3)
FNDA:0,(anonymous_4)
FNDA:2,(anonymous_5)
DA:3,1
DA:5,1
DA:6,1
DA:7,1
DA:15,1
DA:20,2
DA:22,2
DA:23,2
DA:24,2
DA:25,2
DA:26,2
DA:28,2
DA:29,1
DA:32,2
DA:34,1
DA:54,2
DA:56,2
DA:57,1
DA:60,2
DA:62,2
DA:63,2
DA:64,2
DA:65,0
DA:66,0
DA:67,0
DA:69,2
DA:72,2
DA:74,2
LF:28
LH:25
BRDA:29,0,0,1
BRDA:36,1,0,1
BRDA:36,1,1,0
BRDA:37,2,0,0
BRDA:37,2,1,1
BRDA:37,3,0,1
BRDA:37,3,1,0
BRDA:60,4,0,2
BRDA:60,4,1,2
BRDA:60,5,0,2
BRDA:60,5,1,0
BRDA:60,6,0,2
BRDA:60,6,1,2
BRDA:65,7,0,0
BRDA:65,7,1,0
BRDA:66,8,0,0
BRDA:72,9,0,0
BRDA:72,9,1,2
BRF:18
BRH:10
end_of_record
TN:
SF:src/hooks/useCharts.ts
FN:17,useCharts
FN:29,(anonymous_1)
FN:30,(anonymous_2)
FN:33,(anonymous_3)
FN:42,(anonymous_4)
FN:49,(anonymous_5)
FN:51,(anonymous_6)
FN:54,(anonymous_7)
FN:55,(anonymous_8)
FN:55,(anonymous_9)
FN:58,(anonymous_10)
FN:59,(anonymous_11)
FN:60,(anonymous_12)
FN:68,(anonymous_13)
FN:74,(anonymous_14)
FN:98,(anonymous_15)
FN:104,(anonymous_16)
FN:105,(anonymous_17)
FN:106,(anonymous_18)
FN:118,(anonymous_19)
FN:132,createChartFromSuggestion
FNF:21
FNH:0
FNDA:0,useCharts
FNDA:0,(anonymous_1)
FNDA:0,(anonymous_2)
FNDA:0,(anonymous_3)
FNDA:0,(anonymous_4)
FNDA:0,(anonymous_5)
FNDA:0,(anonymous_6)
FNDA:0,(anonymous_7)
FNDA:0,(anonymous_8)
FNDA:0,(anonymous_9)
FNDA:0,(anonymous_10)
FNDA:0,(anonymous_11)
FNDA:0,(anonymous_12)
FNDA:0,(anonymous_13)
FNDA:0,(anonymous_14)
FNDA:0,(anonymous_15)
FNDA:0,(anonymous_16)
FNDA:0,(anonymous_17)
FNDA:0,(anonymous_18)
FNDA:0,(anonymous_19)
FNDA:0,createChartFromSuggestion
DA:3,0
DA:12,0
DA:13,0
DA:15,0
DA:17,0
DA:22,0
DA:23,0
DA:24,0
DA:25,0
DA:26,0
DA:29,0
DA:30,0
DA:33,0
DA:34,0
DA:35,0
DA:36,0
DA:38,0
DA:42,0
DA:43,0
DA:44,0
DA:45,0
DA:49,0
DA:50,0
DA:51,0
DA:54,0
DA:55,0
DA:58,0
DA:59,0
DA:60,0
DA:61,0
DA:62,0
DA:64,0
DA:68,0
DA:69,0
DA:70,0
DA:73,0
DA:83,0
DA:93,0
DA:98,0
DA:104,0
DA:105,0
DA:106,0
DA:107,0
DA:108,0
DA:109,0
DA:110,0
DA:111,0
DA:112,0
DA:114,0
DA:118,0
DA:121,0
DA:138,0
DA:140,0
LF:53
LH:0
BRDA:26,0,0,0
BRDA:26,0,1,0
BRDA:26,1,0,0
BRDA:26,1,1,0
BRDA:30,2,0,0
BRDA:30,2,1,0
BRDA:30,3,0,0
BRDA:30,3,1,0
BRDA:34,4,0,0
BRDA:34,4,1,0
BRDA:34,5,0,0
BRDA:34,5,1,0
BRDA:34,6,0,0
BRDA:34,6,1,0
BRDA:34,7,0,0
BRDA:34,7,1,0
BRDA:34,8,0,0
BRDA:34,8,1,0
BRDA:34,9,0,0
BRDA:34,9,1,0
BRDA:43,10,0,0
BRDA:43,11,0,0
BRDA:43,11,1,0
BRDA:43,11,2,0
BRDA:55,12,0,0
BRDA:55,12,1,0
BRDA:61,13,0,0
BRDA:108,14,0,0
BRDA:109,15,0,0
BRDA:109,15,1,0
BRDA:109,16,0,0
BRDA:109,16,1,0
BRDA:110,17,0,0
BRDA:138,18,0,0
BRDA:138,18,1,0
BRDA:138,19,0,0
BRDA:138,19,1,0
BRDA:147,20,0,0
BRDA:147,20,1,0
BRF:39
BRH:0
end_of_record
TN:
SF:src/hooks/useErrorHandler.ts
FN:4,useErrorHandler
FN:9,(anonymous_2)
FN:21,(anonymous_3)
FN:26,(anonymous_4)
FN:30,(anonymous_5)
FN:37,(anonymous_6)
FN:38,(anonymous_7)
FN:38,(anonymous_8)
FN:46,(anonymous_9)
FN:51,(anonymous_10)
FN:53,(anonymous_11)
FN:57,(anonymous_12)
FN:75,useAsyncError
FN:79,(anonymous_14)
FN:98,useFileErrorHandler
FN:102,(anonymous_16)
FN:144,useRetryableError
FN:150,(anonymous_18)
FN:181,(anonymous_19)
FNF:19
FNH:0
FNDA:0,useErrorHandler
FNDA:0,(anonymous_2)
FNDA:0,(anonymous_3)
FNDA:0,(anonymous_4)
FNDA:0,(anonymous_5)
FNDA:0,(anonymous_6)
FNDA:0,(anonymous_7)
FNDA:0,(anonymous_8)
FNDA:0,(anonymous_9)
FNDA:0,(anonymous_10)
FNDA:0,(anonymous_11)
FNDA:0,(anonymous_12)
FNDA:0,useAsyncError
FNDA:0,(anonymous_14)
FNDA:0,useFileErrorHandler
FNDA:0,(anonymous_16)
FNDA:0,useRetryableError
FNDA:0,(anonymous_18)
FNDA:0,(anonymous_19)
DA:1,0
DA:2,0
DA:4,0
DA:5,0
DA:6,0
DA:8,0
DA:10,0
DA:11,0
DA:13,0
DA:20,0
DA:21,0
DA:26,0
DA:27,0
DA:30,0
DA:31,0
DA:32,0
DA:33,0
DA:36,0
DA:38,0
DA:39,0
DA:40,0
DA:46,0
DA:47,0
DA:51,0
DA:52,0
DA:53,0
DA:54,0
DA:57,0
DA:61,0
DA:75,0
DA:76,0
DA:78,0
DA:84,0
DA:85,0
DA:87,0
DA:88,0
DA:94,0
DA:98,0
DA:99,0
DA:101,0
DA:108,0
DA:110,0
DA:111,0
DA:114,0
DA:116,0
DA:117,0
DA:119,0
DA:120,0
DA:122,0
DA:123,0
DA:125,0
DA:126,0
DA:128,0
DA:131,0
DA:136,0
DA:144,0
DA:145,0
DA:146,0
DA:147,0
DA:149,0
DA:156,0
DA:158,0
DA:159,0
DA:160,0
DA:161,0
DA:162,0
DA:163,0
DA:164,0
DA:166,0
DA:167,0
DA:169,0
DA:170,0
DA:175,0
DA:176,0
DA:180,0
DA:181,0
DA:186,0
DA:187,0
DA:192,0
LF:79
LH:0
BRDA:10,0,0,0
BRDA:10,0,1,0
BRDA:11,1,0,0
BRDA:11,1,1,0
BRDA:39,2,0,0
BRDA:52,3,0,0
BRDA:52,4,0,0
BRDA:52,4,1,0
BRDA:81,5,0,0
BRDA:110,6,0,0
BRDA:114,7,0,0
BRDA:114,7,1,0
BRDA:114,7,2,0
BRDA:114,7,3,0
BRDA:114,7,4,0
BRDA:152,8,0,0
BRDA:153,9,0,0
BRDA:154,10,0,0
BRDA:169,11,0,0
BRDA:180,12,0,0
BRF:20
BRH:0
end_of_record
TN:
SF:src/hooks/useExcelData.ts
FN:10,useExcelData
FN:17,(anonymous_1)
FN:20,(anonymous_2)
FN:23,(anonymous_3)
FN:24,(anonymous_4)
FN:31,(anonymous_5)
FN:36,(anonymous_6)
FN:39,(anonymous_7)
FN:52,(anonymous_8)
FN:70,(anonymous_9)
FN:98,(anonymous_10)
FN:105,(anonymous_11)
FN:106,(anonymous_12)
FN:111,(anonymous_13)
FN:112,(anonymous_14)
FN:112,(anonymous_15)
FNF:16
FNH:15
FNDA:44,useExcelData
FNDA:22,(anonymous_1)
FNDA:22,(anonymous_2)
FNDA:23,(anonymous_3)
FNDA:1,(anonymous_4)
FNDA:23,(anonymous_5)
FNDA:13,(anonymous_6)
FNDA:13,(anonymous_7)
FNDA:14,(anonymous_8)
FNDA:0,(anonymous_9)
FNDA:1,(anonymous_10)
FNDA:3,(anonymous_11)
FNDA:3,(anonymous_12)
FNDA:3,(anonymous_13)
FNDA:2,(anonymous_14)
FNDA:6,(anonymous_15)
DA:3,1
DA:5,1
DA:7,1
DA:8,1
DA:10,1
DA:11,44
DA:12,44
DA:13,44
DA:14,44
DA:15,44
DA:17,44
DA:18,44
DA:19,44
DA:20,44
DA:23,44
DA:24,23
DA:25,1
DA:26,1
DA:31,44
DA:32,23
DA:35,44
DA:37,13
DA:40,13
DA:41,13
DA:42,13
DA:44,13
DA:45,13
DA:53,14
DA:54,14
DA:58,11
DA:60,11
DA:61,11
DA:62,10
DA:63,10
DA:65,1
DA:70,0
DA:72,1
DA:73,0
DA:76,1
DA:78,1
DA:81,2
DA:82,2
DA:83,2
DA:85,13
DA:98,44
DA:99,1
DA:100,1
DA:101,1
DA:104,44
DA:106,3
DA:107,3
DA:108,2
DA:109,2
DA:111,3
DA:112,6
DA:115,1
DA:117,1
DA:124,1
DA:129,1
DA:135,44
LF:60
LH:58
BRDA:19,0,0,7
BRDA:19,0,1,37
BRDA:19,1,0,44
BRDA:19,1,1,44
BRDA:24,2,0,0
BRDA:24,2,1,23
BRDA:24,3,0,23
BRDA:24,3,1,23
BRDA:32,4,0,23
BRDA:32,4,1,21
BRDA:36,5,0,11
BRDA:48,6,0,1
BRDA:48,6,1,12
BRDA:48,7,0,13
BRDA:48,7,1,13
BRDA:49,8,0,1
BRDA:49,8,1,12
BRDA:49,9,0,13
BRDA:49,9,1,13
BRDA:50,10,0,0
BRDA:50,10,1,13
BRDA:50,11,0,13
BRDA:50,11,1,13
BRDA:51,12,0,0
BRDA:51,12,1,13
BRDA:51,13,0,13
BRDA:51,13,1,13
BRDA:54,14,0,11
BRDA:54,14,1,3
BRDA:54,15,0,14
BRDA:54,15,1,14
BRDA:61,16,0,10
BRDA:70,17,0,1
BRDA:70,17,1,0
BRDA:81,18,0,2
BRDA:81,18,1,0
BRDA:81,19,0,2
BRDA:81,19,1,1
BRDA:107,20,0,1
BRDA:108,21,0,2
BRDA:108,21,1,0
BRDA:109,22,0,1
BRDA:109,23,0,2
BRDA:109,23,1,2
BRDA:112,24,0,1
BRDA:112,24,1,0
BRF:46
BRH:39
end_of_record
TN:
SF:src/hooks/useFileUploader.ts
FN:11,useFileUploader
FN:22,(anonymous_1)
FN:39,(anonymous_2)
FN:45,(anonymous_3)
FN:51,(anonymous_4)
FN:65,(anonymous_5)
FN:76,(anonymous_6)
FNF:7
FNH:1
FNDA:1,useFileUploader
FNDA:0,(anonymous_1)
FNDA:0,(anonymous_2)
FNDA:0,(anonymous_3)
FNDA:0,(anonymous_4)
FNDA:0,(anonymous_5)
FNDA:0,(anonymous_6)
DA:1,1
DA:2,1
DA:11,1
DA:17,1
DA:18,1
DA:19,1
DA:21,1
DA:23,0
DA:25,0
DA:29,0
DA:30,0
DA:31,0
DA:34,0
DA:39,1
DA:40,0
DA:41,0
DA:42,0
DA:45,1
DA:46,0
DA:47,0
DA:50,1
DA:52,0
DA:53,0
DA:54,0
DA:56,0
DA:57,0
DA:58,0
DA:64,1
DA:66,0
DA:67,0
DA:68,0
DA:71,0
DA:76,1
DA:77,0
DA:78,0
DA:81,1
LF:36
LH:13
BRDA:13,0,0,0
BRDA:14,1,0,0
BRDA:15,2,0,0
BRDA:29,3,0,0
BRDA:30,4,0,0
BRDA:30,4,1,0
BRDA:30,5,0,0
BRDA:30,5,1,0
BRDA:41,6,0,0
BRDA:53,7,0,0
BRDA:57,8,0,0
BRDA:67,9,0,0
BRDA:67,10,0,0
BRDA:67,10,1,0
BRDA:77,11,0,0
BRDA:78,12,0,0
BRDA:78,12,1,0
BRDA:78,13,0,0
BRDA:78,13,1,0
BRF:19
BRH:0
end_of_record
TN:
SF:src/hooks/useFilters.ts
FN:12,useFilters
FN:21,(anonymous_1)
FN:22,(anonymous_2)
FN:27,(anonymous_3)
FN:28,(anonymous_4)
FN:29,(anonymous_5)
FN:39,(anonymous_6)
FN:51,(anonymous_7)
FN:60,(anonymous_8)
FN:61,(anonymous_9)
FN:68,(anonymous_10)
FN:79,(anonymous_11)
FN:82,(anonymous_12)
FN:83,(anonymous_13)
FN:91,(anonymous_14)
FN:96,(anonymous_15)
FN:97,(anonymous_16)
FN:98,(anonymous_17)
FN:108,(anonymous_18)
FN:112,(anonymous_19)
FN:113,(anonymous_20)
FN:114,(anonymous_21)
FN:122,(anonymous_22)
FN:126,(anonymous_23)
FN:130,(anonymous_24)
FN:131,(anonymous_25)
FN:132,(anonymous_26)
FN:141,(anonymous_27)
FN:142,(anonymous_28)
FN:145,(anonymous_29)
FN:150,(anonymous_30)
FN:152,(anonymous_31)
FNF:32
FNH:0
FNDA:0,useFilters
FNDA:0,(anonymous_1)
FNDA:0,(anonymous_2)
FNDA:0,(anonymous_3)
FNDA:0,(anonymous_4)
FNDA:0,(anonymous_5)
FNDA:0,(anonymous_6)
FNDA:0,(anonymous_7)
FNDA:0,(anonymous_8)
FNDA:0,(anonymous_9)
FNDA:0,(anonymous_10)
FNDA:0,(anonymous_11)
FNDA:0,(anonymous_12)
FNDA:0,(anonymous_13)
FNDA:0,(anonymous_14)
FNDA:0,(anonymous_15)
FNDA:0,(anonymous_16)
FNDA:0,(anonymous_17)
FNDA:0,(anonymous_18)
FNDA:0,(anonymous_19)
FNDA:0,(anonymous_20)
FNDA:0,(anonymous_21)
FNDA:0,(anonymous_22)
FNDA:0,(anonymous_23)
FNDA:0,(anonymous_24)
FNDA:0,(anonymous_25)
FNDA:0,(anonymous_26)
FNDA:0,(anonymous_27)
FNDA:0,(anonymous_28)
FNDA:0,(anonymous_29)
FNDA:0,(anonymous_30)
FNDA:0,(anonymous_31)
DA:3,0
DA:6,0
DA:7,0
DA:9,0
DA:10,0
DA:12,0
DA:13,0
DA:14,0
DA:15,0
DA:16,0
DA:17,0
DA:18,0
DA:21,0
DA:22,0
DA:23,0
DA:24,0
DA:26,0
DA:27,0
DA:28,0
DA:29,0
DA:30,0
DA:39,0
DA:40,0
DA:41,0
DA:42,0
DA:43,0
DA:45,0
DA:46,0
DA:51,0
DA:52,0
DA:53,0
DA:54,0
DA:55,0
DA:56,0
DA:58,0
DA:59,0
DA:60,0
DA:61,0
DA:62,0
DA:63,0
DA:64,0
DA:65,0
DA:68,0
DA:70,0
DA:73,0
DA:79,0
DA:80,0
DA:81,0
DA:82,0
DA:83,0
DA:84,0
DA:91,0
DA:92,0
DA:93,0
DA:95,0
DA:96,0
DA:97,0
DA:98,0
DA:99,0
DA:100,0
DA:101,0
DA:103,0
DA:108,0
DA:109,0
DA:110,0
DA:111,0
DA:112,0
DA:113,0
DA:114,0
DA:115,0
DA:122,0
DA:123,0
DA:126,0
DA:127,0
DA:128,0
DA:130,0
DA:131,0
DA:132,0
DA:133,0
DA:141,0
DA:142,0
DA:143,0
DA:145,0
DA:146,0
DA:150,0
DA:152,0
DA:157,0
LF:87
LH:0
BRDA:18,0,0,0
BRDA:18,0,1,0
BRDA:18,1,0,0
BRDA:18,1,1,0
BRDA:22,2,0,0
BRDA:22,2,1,0
BRDA:22,3,0,0
BRDA:22,3,1,0
BRDA:23,4,0,0
BRDA:30,5,0,0
BRDA:30,5,1,0
BRDA:40,6,0,0
BRDA:40,6,1,0
BRDA:40,7,0,0
BRDA:40,7,1,0
BRDA:40,8,0,0
BRDA:40,8,1,0
BRDA:40,9,0,0
BRDA:40,9,1,0
BRDA:48,10,0,0
BRDA:48,10,1,0
BRDA:48,11,0,0
BRDA:48,11,1,0
BRDA:48,12,0,0
BRDA:48,12,1,0
BRDA:48,13,0,0
BRDA:48,13,1,0
BRDA:48,14,0,0
BRDA:48,14,1,0
BRDA:48,15,0,0
BRDA:48,15,1,0
BRDA:52,16,0,0
BRDA:52,16,1,0
BRDA:52,17,0,0
BRDA:52,17,1,0
BRDA:63,18,0,0
BRDA:65,19,0,0
BRDA:73,20,0,0
BRDA:73,20,1,0
BRDA:73,21,0,0
BRDA:73,21,1,0
BRDA:73,22,0,0
BRDA:73,22,1,0
BRDA:75,23,0,0
BRDA:75,23,1,0
BRDA:75,24,0,0
BRDA:75,24,1,0
BRDA:80,25,0,0
BRDA:84,26,0,0
BRDA:84,26,1,0
BRDA:85,27,0,0
BRDA:85,27,1,0
BRDA:85,28,0,0
BRDA:85,28,1,0
BRDA:85,29,0,0
BRDA:85,29,1,0
BRDA:85,30,0,0
BRDA:85,30,1,0
BRDA:92,31,0,0
BRDA:99,32,0,0
BRDA:100,33,0,0
BRDA:109,34,0,0
BRDA:115,35,0,0
BRDA:115,35,1,0
BRDA:123,36,0,0
BRDA:123,36,1,0
BRDA:127,37,0,0
BRDA:133,38,0,0
BRDA:133,38,1,0
BRDA:154,39,0,0
BRDA:154,39,1,0
BRDA:154,40,0,0
BRDA:154,40,1,0
BRDA:154,41,0,0
BRDA:154,41,1,0
BRF:75
BRH:0
end_of_record
TN:
SF:src/hooks/useLLMAnalytics.ts
FN:12,useLLMAnalytics
FN:36,(anonymous_1)
FN:43,(anonymous_2)
FN:45,(anonymous_3)
FN:50,(anonymous_4)
FN:62,(anonymous_5)
FN:76,(anonymous_6)
FN:103,(anonymous_7)
FN:108,(anonymous_8)
FN:111,(anonymous_9)
FN:115,(anonymous_10)
FN:127,(anonymous_11)
FN:134,(anonymous_12)
FN:159,(anonymous_13)
FN:163,(anonymous_14)
FN:167,(anonymous_15)
FN:171,(anonymous_16)
FN:175,(anonymous_17)
FN:180,(anonymous_18)
FN:181,(anonymous_19)
FN:208,normalizeOpenRouterError
FNF:21
FNH:6
FNDA:2,useLLMAnalytics
FNDA:1,(anonymous_1)
FNDA:1,(anonymous_2)
FNDA:0,(anonymous_3)
FNDA:0,(anonymous_4)
FNDA:0,(anonymous_5)
FNDA:0,(anonymous_6)
FNDA:1,(anonymous_7)
FNDA:0,(anonymous_8)
FNDA:0,(anonymous_9)
FNDA:0,(anonymous_10)
FNDA:0,(anonymous_11)
FNDA:0,(anonymous_12)
FNDA:0,(anonymous_13)
FNDA:0,(anonymous_14)
FNDA:0,(anonymous_15)
FNDA:0,(anonymous_16)
FNDA:0,(anonymous_17)
FNDA:1,(anonymous_18)
FNDA:1,(anonymous_19)
FNDA:0,normalizeOpenRouterError
DA:3,1
DA:4,1
DA:7,1
DA:8,1
DA:12,1
DA:16,2
DA:17,2
DA:18,2
DA:19,2
DA:22,2
DA:28,2
DA:35,2
DA:36,1
DA:40,2
DA:43,2
DA:44,1
DA:45,1
DA:46,1
DA:49,2
DA:51,0
DA:54,0
DA:55,0
DA:59,0
DA:60,0
DA:62,0
DA:64,0
DA:65,0
DA:66,0
DA:67,0
DA:68,0
DA:69,0
DA:73,0
DA:76,0
DA:80,0
DA:81,0
DA:84,0
DA:85,0
DA:88,0
DA:89,0
DA:92,0
DA:103,2
DA:104,1
DA:105,1
DA:106,1
DA:108,0
DA:109,0
DA:111,0
DA:114,2
DA:116,0
DA:119,0
DA:120,0
DA:124,0
DA:125,0
DA:127,0
DA:129,0
DA:130,0
DA:134,0
DA:138,0
DA:139,0
DA:142,0
DA:143,0
DA:146,0
DA:147,0
DA:150,0
DA:151,0
DA:152,0
DA:153,0
DA:159,2
DA:160,0
DA:163,2
DA:164,0
DA:165,0
DA:166,0
DA:167,0
DA:171,2
DA:172,0
DA:173,0
DA:174,0
DA:175,0
DA:180,2
DA:181,1
DA:182,1
DA:183,0
DA:185,1
DA:186,0
DA:191,2
DA:209,0
DA:211,0
DA:212,0
DA:214,0
DA:215,0
DA:217,0
LF:92
LH:32
BRDA:36,0,0,1
BRDA:36,0,1,0
BRDA:36,1,0,1
BRDA:36,1,1,1
BRDA:36,2,0,0
BRDA:36,2,1,1
BRDA:36,3,0,1
BRDA:36,3,1,1
BRDA:37,4,0,0
BRDA:37,4,1,2
BRDA:37,5,0,2
BRDA:37,5,1,2
BRDA:40,6,0,2
BRDA:40,6,1,0
BRDA:44,7,0,1
BRDA:44,7,1,0
BRDA:44,8,0,1
BRDA:44,8,1,0
BRDA:45,9,0,1
BRDA:45,9,1,1
BRDA:45,10,0,1
BRDA:45,10,1,0
BRDA:45,11,0,1
BRDA:45,11,1,1
BRDA:45,12,0,1
BRDA:45,12,1,0
BRDA:45,13,0,1
BRDA:45,13,1,1
BRDA:46,14,0,1
BRDA:46,14,1,1
BRDA:46,15,0,1
BRDA:46,15,1,0
BRDA:46,16,0,1
BRDA:46,16,1,1
BRDA:46,17,0,1
BRDA:46,17,1,1
BRDA:46,18,0,1
BRDA:46,18,1,0
BRDA:46,19,0,1
BRDA:46,19,1,1
BRDA:46,20,0,1
BRDA:46,20,1,1
BRDA:46,21,0,1
BRDA:46,21,1,0
BRDA:46,22,0,1
BRDA:46,22,1,1
BRDA:47,23,0,2
BRDA:47,23,1,0
BRDA:47,24,0,2
BRDA:47,24,1,0
BRDA:51,25,0,0
BRDA:51,26,0,0
BRDA:51,26,1,0
BRDA:54,27,0,0
BRDA:65,28,0,0
BRDA:67,29,0,0
BRDA:67,30,0,0
BRDA:67,30,1,0
BRDA:80,31,0,0
BRDA:88,32,0,0
BRDA:95,33,0,0
BRDA:95,33,1,0
BRDA:104,34,0,1
BRDA:116,35,0,0
BRDA:116,36,0,0
BRDA:116,36,1,0
BRDA:119,37,0,0
BRDA:138,38,0,0
BRDA:146,39,0,0
BRDA:150,40,0,0
BRDA:150,40,1,0
BRDA:164,41,0,0
BRDA:172,42,0,0
BRDA:182,43,0,0
BRDA:185,44,0,0
BRDA:194,45,0,2
BRDA:194,45,1,2
BRDA:211,46,0,0
BRDA:211,47,0,0
BRDA:211,47,1,0
BRDA:214,48,0,0
BRDA:214,49,0,0
BRDA:214,49,1,0
BRF:83
BRH:40
end_of_record
TN:
SF:src/hooks/useOpenRouter.ts
FN:42,isModelFree
FN:49,OpenRouterProvider
FN:67,(anonymous_11)
FN:76,(anonymous_12)
FN:84,(anonymous_13)
FN:90,(anonymous_14)
FN:91,(anonymous_15)
FN:101,(anonymous_16)
FN:102,(anonymous_17)
FN:112,(anonymous_18)
FN:117,(anonymous_19)
FN:119,(anonymous_20)
FN:122,(anonymous_21)
FN:142,(anonymous_22)
FN:155,(anonymous_23)
FN:157,(anonymous_24)
FN:161,(anonymous_25)
FN:172,(anonymous_26)
FN:175,(anonymous_27)
FN:187,(anonymous_28)
FN:190,(anonymous_29)
FN:198,(anonymous_30)
FN:211,(anonymous_31)
FN:214,(anonymous_32)
FN:217,(anonymous_33)
FN:221,(anonymous_34)
FN:223,(anonymous_35)
FN:226,(anonymous_36)
FN:243,(anonymous_37)
FN:250,(anonymous_38)
FN:251,(anonymous_39)
FN:257,(anonymous_40)
FN:262,(anonymous_41)
FN:290,useOpenRouter
FNF:34
FNH:5
FNDA:0,isModelFree
FNDA:20,OpenRouterProvider
FNDA:0,(anonymous_11)
FNDA:0,(anonymous_12)
FNDA:0,(anonymous_13)
FNDA:0,(anonymous_14)
FNDA:0,(anonymous_15)
FNDA:0,(anonymous_16)
FNDA:0,(anonymous_17)
FNDA:0,(anonymous_18)
FNDA:0,(anonymous_19)
FNDA:0,(anonymous_20)
FNDA:0,(anonymous_21)
FNDA:0,(anonymous_22)
FNDA:9,(anonymous_23)
FNDA:9,(anonymous_24)
FNDA:0,(anonymous_25)
FNDA:0,(anonymous_26)
FNDA:0,(anonymous_27)
FNDA:0,(anonymous_28)
FNDA:0,(anonymous_29)
FNDA:0,(anonymous_30)
FNDA:0,(anonymous_31)
FNDA:0,(anonymous_32)
FNDA:0,(anonymous_33)
FNDA:0,(anonymous_34)
FNDA:0,(anonymous_35)
FNDA:0,(anonymous_36)
FNDA:0,(anonymous_37)
FNDA:0,(anonymous_38)
FNDA:0,(anonymous_39)
FNDA:9,(anonymous_40)
FNDA:0,(anonymous_41)
FNDA:24,useOpenRouter
DA:3,2
DA:5,2
DA:6,2
DA:7,2
DA:40,2
DA:43,0
DA:44,0
DA:45,0
DA:46,0
DA:49,2
DA:50,20
DA:51,20
DA:52,20
DA:53,20
DA:66,20
DA:72,0
DA:74,0
DA:77,0
DA:78,0
DA:79,0
DA:80,0
DA:82,0
DA:83,0
DA:84,0
DA:89,20
DA:91,0
DA:100,20
DA:102,0
DA:111,20
DA:113,0
DA:114,0
DA:115,0
DA:116,0
DA:117,0
DA:118,0
DA:119,0
DA:120,0
DA:122,0
DA:123,0
DA:125,0
DA:134,0
DA:135,0
DA:140,0
DA:142,0
DA:147,0
DA:155,20
DA:156,9
DA:157,9
DA:160,20
DA:162,0
DA:163,0
DA:164,0
DA:165,0
DA:166,0
DA:171,20
DA:173,0
DA:174,0
DA:175,0
DA:176,0
DA:178,0
DA:179,0
DA:180,0
DA:181,0
DA:182,0
DA:183,0
DA:187,0
DA:188,0
DA:190,0
DA:191,0
DA:197,20
DA:199,0
DA:200,0
DA:201,0
DA:202,0
DA:203,0
DA:204,0
DA:205,0
DA:211,20
DA:212,0
DA:213,0
DA:214,0
DA:217,20
DA:218,0
DA:219,0
DA:220,0
DA:221,0
DA:222,0
DA:223,0
DA:224,0
DA:226,0
DA:227,0
DA:229,0
DA:237,0
DA:238,0
DA:243,0
DA:250,20
DA:251,0
DA:252,0
DA:253,0
DA:257,20
DA:258,9
DA:261,20
DA:266,0
DA:267,0
DA:272,20
DA:287,20
DA:290,2
DA:291,24
DA:292,24
DA:293,0
DA:295,24
LF:111
LH:32
BRDA:45,0,0,0
BRDA:45,0,1,0
BRDA:45,0,2,0
BRDA:46,1,0,0
BRDA:46,1,1,0
BRDA:61,2,0,20
BRDA:61,2,1,0
BRDA:61,3,0,20
BRDA:61,3,1,0
BRDA:63,4,0,20
BRDA:63,4,1,0
BRDA:63,5,0,20
BRDA:63,5,1,0
BRDA:74,6,0,0
BRDA:74,6,1,0
BRDA:77,7,0,0
BRDA:77,7,1,0
BRDA:77,8,0,0
BRDA:77,8,1,0
BRDA:79,9,0,0
BRDA:79,9,1,0
BRDA:79,10,0,0
BRDA:79,10,1,0
BRDA:80,11,0,0
BRDA:80,11,1,0
BRDA:80,11,2,0
BRDA:82,12,0,0
BRDA:83,13,0,0
BRDA:119,14,0,0
BRDA:119,14,1,0
BRDA:119,15,0,0
BRDA:119,15,1,0
BRDA:123,16,0,0
BRDA:123,16,1,0
BRDA:123,17,0,0
BRDA:123,17,1,0
BRDA:123,18,0,0
BRDA:123,18,1,0
BRDA:123,19,0,0
BRDA:123,19,1,0
BRDA:123,20,0,0
BRDA:123,20,1,0
BRDA:134,21,0,0
BRDA:134,21,1,0
BRDA:138,22,0,0
BRDA:138,22,1,0
BRDA:145,23,0,0
BRDA:145,23,1,0
BRDA:174,24,0,0
BRDA:182,25,0,0
BRDA:182,25,1,0
BRDA:199,26,0,0
BRDA:199,26,1,0
BRDA:200,27,0,0
BRDA:203,28,0,0
BRDA:203,28,1,0
BRDA:204,29,0,0
BRDA:219,30,0,0
BRDA:219,30,1,0
BRDA:223,31,0,0
BRDA:223,31,1,0
BRDA:223,32,0,0
BRDA:223,32,1,0
BRDA:227,33,0,0
BRDA:227,33,1,0
BRDA:227,34,0,0
BRDA:227,34,1,0
BRDA:227,35,0,0
BRDA:227,35,1,0
BRDA:227,36,0,0
BRDA:227,36,1,0
BRDA:227,37,0,0
BRDA:227,37,1,0
BRDA:237,38,0,0
BRDA:237,38,1,0
BRDA:240,39,0,0
BRDA:240,39,1,0
BRDA:245,40,0,0
BRDA:245,40,1,0
BRDA:252,41,0,0
BRDA:252,41,1,0
BRDA:266,42,0,0
BRDA:292,43,0,0
BRF:83
BRH:4
end_of_record
TN:
SF:src/hooks/useOpenRouterSettingsModal.ts
FN:8,useOpenRouterSettingsModal
FN:34,(anonymous_1)
FN:45,(anonymous_2)
FN:55,(anonymous_3)
FN:74,(anonymous_4)
FN:93,(anonymous_5)
FN:104,(anonymous_6)
FN:152,(anonymous_7)
FNF:8
FNH:7
FNDA:42,useOpenRouterSettingsModal
FNDA:18,(anonymous_1)
FNDA:0,(anonymous_2)
FNDA:1,(anonymous_3)
FNDA:1,(anonymous_4)
FNDA:1,(anonymous_5)
FNDA:1,(anonymous_6)
FNDA:1,(anonymous_7)
DA:3,4
DA:4,4
DA:8,4
DA:20,42
DA:22,42
DA:23,42
DA:24,42
DA:25,42
DA:26,42
DA:27,42
DA:28,42
DA:29,42
DA:30,42
DA:31,42
DA:32,42
DA:34,42
DA:35,18
DA:36,7
DA:37,7
DA:38,7
DA:39,7
DA:40,7
DA:41,7
DA:42,7
DA:45,42
DA:46,0
DA:47,0
DA:48,0
DA:50,0
DA:54,42
DA:56,1
DA:57,1
DA:58,1
DA:59,1
DA:60,1
DA:61,1
DA:62,1
DA:63,1
DA:64,1
DA:67,1
DA:73,42
DA:75,1
DA:76,1
DA:77,1
DA:78,1
DA:79,1
DA:80,1
DA:81,1
DA:83,1
DA:84,1
DA:87,1
DA:93,42
DA:94,1
DA:95,1
DA:96,1
DA:97,1
DA:99,1
DA:103,42
DA:105,1
DA:106,1
DA:107,1
DA:112,42
DA:152,1
LF:63
LH:59
BRDA:35,0,0,11
BRDA:41,1,0,7
BRDA:41,1,1,1
BRDA:57,2,0,0
BRDA:57,3,0,1
BRDA:57,3,1,1
BRDA:57,3,2,1
BRDA:63,4,0,1
BRDA:76,5,0,0
BRDA:80,6,0,1
BRDA:83,7,0,1
BRDA:94,8,0,0
BRDA:124,9,0,42
BRDA:124,9,1,0
BRF:14
BRH:10
end_of_record
TN:
SF:src/hooks/usePassphraseModal.ts
FN:10,usePassphraseModal
FN:15,(anonymous_1)
FNF:2
FNH:2
FNDA:7,usePassphraseModal
FNDA:2,(anonymous_1)
DA:3,1
DA:10,1
DA:11,7
DA:12,7
DA:14,7
DA:16,2
DA:17,2
DA:18,1
DA:24,7
LF:9
LH:9
BRDA:17,0,0,1
BRDA:17,1,0,2
BRDA:17,1,1,2
BRF:3
BRH:3
end_of_record
TN:
SF:src/hooks/usePerformance.ts
FN:4,usePerformance
FN:9,(anonymous_1)
FN:13,(anonymous_2)
FN:16,(anonymous_3)
FN:22,(anonymous_4)
FN:29,(anonymous_5)
FN:39,(anonymous_6)
FN:43,(anonymous_7)
FN:47,(anonymous_8)
FN:51,(anonymous_9)
FN:57,(anonymous_10)
FN:63,(anonymous_11)
FN:67,(anonymous_12)
FN:71,(anonymous_13)
FN:76,(anonymous_14)
FN:77,(anonymous_15)
FN:81,(anonymous_16)
FN:103,useRenderPerformance
FN:108,(anonymous_18)
FN:128,(anonymous_19)
FN:132,(anonymous_20)
FN:141,useInteractionPerformance
FN:145,(anonymous_22)
FN:149,(anonymous_23)
FN:151,(anonymous_24)
FN:158,(anonymous_25)
FN:162,(anonymous_26)
FN:164,(anonymous_27)
FN:171,(anonymous_28)
FN:175,(anonymous_29)
FN:177,(anonymous_30)
FN:191,useFilePerformance
FN:195,(anonymous_32)
FN:207,(anonymous_33)
FN:219,(anonymous_34)
FN:246,usePerformanceAlerts
FN:250,(anonymous_36)
FN:256,(anonymous_37)
FN:290,(anonymous_38)
FN:291,(anonymous_39)
FN:291,(anonymous_40)
FNF:41
FNH:0
FNDA:0,usePerformance
FNDA:0,(anonymous_1)
FNDA:0,(anonymous_2)
FNDA:0,(anonymous_3)
FNDA:0,(anonymous_4)
FNDA:0,(anonymous_5)
FNDA:0,(anonymous_6)
FNDA:0,(anonymous_7)
FNDA:0,(anonymous_8)
FNDA:0,(anonymous_9)
FNDA:0,(anonymous_10)
FNDA:0,(anonymous_11)
FNDA:0,(anonymous_12)
FNDA:0,(anonymous_13)
FNDA:0,(anonymous_14)
FNDA:0,(anonymous_15)
FNDA:0,(anonymous_16)
FNDA:0,useRenderPerformance
FNDA:0,(anonymous_18)
FNDA:0,(anonymous_19)
FNDA:0,(anonymous_20)
FNDA:0,useInteractionPerformance
FNDA:0,(anonymous_22)
FNDA:0,(anonymous_23)
FNDA:0,(anonymous_24)
FNDA:0,(anonymous_25)
FNDA:0,(anonymous_26)
FNDA:0,(anonymous_27)
FNDA:0,(anonymous_28)
FNDA:0,(anonymous_29)
FNDA:0,(anonymous_30)
FNDA:0,useFilePerformance
FNDA:0,(anonymous_32)
FNDA:0,(anonymous_33)
FNDA:0,(anonymous_34)
FNDA:0,usePerformanceAlerts
FNDA:0,(anonymous_36)
FNDA:0,(anonymous_37)
FNDA:0,(anonymous_38)
FNDA:0,(anonymous_39)
FNDA:0,(anonymous_40)
DA:1,0
DA:2,0
DA:4,0
DA:5,0
DA:6,0
DA:7,0
DA:9,0
DA:10,0
DA:13,0
DA:14,0
DA:15,0
DA:16,0
DA:18,0
DA:21,0
DA:23,0
DA:28,0
DA:34,0
DA:39,0
DA:40,0
DA:43,0
DA:44,0
DA:47,0
DA:48,0
DA:51,0
DA:52,0
DA:53,0
DA:54,0
DA:57,0
DA:58,0
DA:59,0
DA:60,0
DA:63,0
DA:64,0
DA:67,0
DA:68,0
DA:71,0
DA:72,0
DA:76,0
DA:77,0
DA:78,0
DA:81,0
DA:84,0
DA:103,0
DA:104,0
DA:105,0
DA:106,0
DA:108,0
DA:109,0
DA:110,0
DA:112,0
DA:113,0
DA:114,0
DA:119,0
DA:125,0
DA:128,0
DA:129,0
DA:132,0
DA:135,0
DA:141,0
DA:142,0
DA:144,0
DA:146,0
DA:148,0
DA:149,0
DA:151,0
DA:157,0
DA:159,0
DA:161,0
DA:162,0
DA:164,0
DA:170,0
DA:172,0
DA:174,0
DA:175,0
DA:177,0
DA:183,0
DA:191,0
DA:192,0
DA:194,0
DA:196,0
DA:198,0
DA:200,0
DA:201,0
DA:206,0
DA:208,0
DA:210,0
DA:212,0
DA:213,0
DA:218,0
DA:225,0
DA:227,0
DA:232,0
DA:233,0
DA:238,0
DA:246,0
DA:247,0
DA:248,0
DA:250,0
DA:251,0
DA:253,0
DA:256,0
DA:257,0
DA:259,0
DA:267,0
DA:269,0
DA:279,0
DA:280,0
DA:287,0
DA:290,0
DA:291,0
DA:294,0
LF:111
LH:0
BRDA:15,0,0,0
BRDA:112,1,0,0
BRDA:112,1,1,0
BRDA:148,2,0,0
BRDA:148,2,1,0
BRDA:161,3,0,0
BRDA:161,3,1,0
BRDA:174,4,0,0
BRDA:174,4,1,0
BRDA:251,5,0,0
BRDA:257,6,0,0
BRDA:267,7,0,0
BRDA:279,8,0,0
BRF:13
BRH:0
end_of_record
TN:
SF:src/hooks/useSessionPersistence.ts
FN:39,useSessionPersistence
FN:47,(anonymous_1)
FN:79,(anonymous_2)
FN:81,(anonymous_3)
FN:92,(anonymous_4)
FN:99,(anonymous_5)
FN:120,(anonymous_6)
FN:198,(anonymous_7)
FN:220,(anonymous_8)
FN:230,(anonymous_9)
FN:232,(anonymous_10)
FN:249,(anonymous_11)
FN:255,(anonymous_12)
FN:265,(anonymous_13)
FN:266,(anonymous_14)
FN:267,(anonymous_15)
FN:269,(anonymous_16)
FN:271,(anonymous_17)
FNF:18
FNH:0
FNDA:0,useSessionPersistence
FNDA:0,(anonymous_1)
FNDA:0,(anonymous_2)
FNDA:0,(anonymous_3)
FNDA:0,(anonymous_4)
FNDA:0,(anonymous_5)
FNDA:0,(anonymous_6)
FNDA:0,(anonymous_7)
FNDA:0,(anonymous_8)
FNDA:0,(anonymous_9)
FNDA:0,(anonymous_10)
FNDA:0,(anonymous_11)
FNDA:0,(anonymous_12)
FNDA:0,(anonymous_13)
FNDA:0,(anonymous_14)
FNDA:0,(anonymous_15)
FNDA:0,(anonymous_16)
FNDA:0,(anonymous_17)
DA:3,1
DA:4,1
DA:5,1
DA:6,1
DA:7,1
DA:39,1
DA:41,0
DA:45,0
DA:47,0
DA:48,0
DA:49,0
DA:56,0
DA:57,0
DA:60,0
DA:61,0
DA:62,0
DA:73,0
DA:75,0
DA:76,0
DA:77,0
DA:79,0
DA:80,0
DA:81,0
DA:82,0
DA:83,0
DA:84,0
DA:85,0
DA:87,0
DA:88,0
DA:92,0
DA:93,0
DA:94,0
DA:95,0
DA:98,0
DA:100,0
DA:102,0
DA:103,0
DA:105,0
DA:106,0
DA:107,0
DA:110,0
DA:111,0
DA:112,0
DA:116,0
DA:117,0
DA:119,0
DA:120,0
DA:121,0
DA:122,0
DA:129,0
DA:131,0
DA:138,0
DA:143,0
DA:144,0
DA:145,0
DA:147,0
DA:151,0
DA:152,0
DA:153,0
DA:154,0
DA:156,0
DA:160,0
DA:163,0
DA:164,0
DA:165,0
DA:167,0
DA:168,0
DA:172,0
DA:173,0
DA:176,0
DA:177,0
DA:178,0
DA:180,0
DA:184,0
DA:185,0
DA:186,0
DA:188,0
DA:192,0
DA:193,0
DA:195,0
DA:198,0
DA:199,0
DA:200,0
DA:203,0
DA:204,0
DA:205,0
DA:208,0
DA:209,0
DA:211,0
DA:214,0
DA:220,0
DA:221,0
DA:222,0
DA:223,0
DA:224,0
DA:226,0
DA:230,0
DA:232,0
DA:233,0
DA:234,0
DA:235,0
DA:237,0
DA:238,0
DA:241,0
DA:250,0
DA:251,0
DA:252,0
DA:256,0
DA:257,0
DA:258,0
DA:259,0
DA:261,0
DA:265,0
DA:266,0
DA:267,0
DA:270,0
DA:272,0
LF:117
LH:6
BRDA:41,0,0,0
BRDA:41,0,1,0
BRDA:41,1,0,0
BRDA:41,1,1,0
BRDA:41,2,0,0
BRDA:41,2,1,0
BRDA:41,3,0,0
BRDA:41,3,1,0
BRDA:42,4,0,0
BRDA:42,4,1,0
BRDA:48,5,0,0
BRDA:51,6,0,0
BRDA:51,6,1,0
BRDA:51,7,0,0
BRDA:51,7,1,0
BRDA:54,8,0,0
BRDA:54,8,1,0
BRDA:54,9,0,0
BRDA:54,9,1,0
BRDA:80,10,0,0
BRDA:80,11,0,0
BRDA:80,11,1,0
BRDA:83,12,0,0
BRDA:93,13,0,0
BRDA:100,14,0,0
BRDA:100,15,0,0
BRDA:100,15,1,0
BRDA:111,16,0,0
BRDA:133,17,0,0
BRDA:133,17,1,0
BRDA:163,18,0,0
BRDA:163,18,1,0
BRDA:163,19,0,0
BRDA:163,19,1,0
BRDA:169,20,0,0
BRDA:169,20,1,0
BRDA:172,21,0,0
BRDA:176,22,0,0
BRDA:176,23,0,0
BRDA:176,23,1,0
BRDA:184,24,0,0
BRDA:184,25,0,0
BRDA:184,25,1,0
BRDA:208,26,0,0
BRDA:208,26,1,0
BRDA:221,27,0,0
BRDA:223,28,0,0
BRDA:223,28,1,0
BRDA:233,29,0,0
BRDA:250,30,0,0
BRDA:256,31,0,0
BRDA:270,32,0,0
BRDA:270,32,1,0
BRDA:270,33,0,0
BRDA:270,33,1,0
BRDA:270,34,0,0
BRDA:270,34,1,0
BRDA:270,35,0,0
BRDA:270,35,1,0
BRDA:272,36,0,0
BRDA:272,36,1,0
BRF:61
BRH:0
end_of_record
TN:
SF:src/services/chartDataProcessor.ts
FN:5,(anonymous_0)
FN:18,(anonymous_1)
FN:19,(anonymous_2)
FN:24,(anonymous_3)
FN:44,(anonymous_4)
FN:47,(anonymous_5)
FN:57,(anonymous_6)
FN:66,(anonymous_7)
FN:70,(anonymous_8)
FN:79,(anonymous_9)
FN:90,(anonymous_10)
FN:143,(anonymous_11)
FN:149,(anonymous_12)
FN:152,(anonymous_13)
FN:164,(anonymous_14)
FN:178,(anonymous_15)
FN:183,(anonymous_16)
FN:185,(anonymous_17)
FN:185,(anonymous_18)
FN:186,(anonymous_19)
FN:189,(anonymous_20)
FN:189,(anonymous_21)
FN:193,(anonymous_22)
FN:193,(anonymous_23)
FN:198,(anonymous_24)
FN:199,(anonymous_25)
FN:200,(anonymous_26)
FN:212,(anonymous_27)
FN:232,(anonymous_28)
FN:233,(anonymous_29)
FNF:30
FNH:30
FNDA:24,(anonymous_0)
FNDA:44,(anonymous_1)
FNDA:76,(anonymous_2)
FNDA:21,(anonymous_3)
FNDA:16,(anonymous_4)
FNDA:11,(anonymous_5)
FNDA:74,(anonymous_6)
FNDA:71,(anonymous_7)
FNDA:71,(anonymous_8)
FNDA:21,(anonymous_9)
FNDA:1103,(anonymous_10)
FNDA:83,(anonymous_11)
FNDA:116,(anonymous_12)
FNDA:18,(anonymous_13)
FNDA:23,(anonymous_14)
FNDA:83,(anonymous_15)
FNDA:1048,(anonymous_16)
FNDA:5,(anonymous_17)
FNDA:5,(anonymous_18)
FNDA:5,(anonymous_19)
FNDA:5,(anonymous_20)
FNDA:5,(anonymous_21)
FNDA:5,(anonymous_22)
FNDA:5,(anonymous_23)
FNDA:5,(anonymous_24)
FNDA:5,(anonymous_25)
FNDA:2,(anonymous_26)
FNDA:41,(anonymous_27)
FNDA:20,(anonymous_28)
FNDA:74,(anonymous_29)
DA:4,2
DA:6,24
DA:7,23
DA:11,22
DA:12,21
DA:15,1
DA:19,76
DA:20,44
DA:21,42
DA:30,21
DA:32,21
DA:33,1
DA:39,20
DA:40,20
DA:42,20
DA:44,16
DA:45,2
DA:46,2
DA:47,11
DA:49,2
DA:50,2
DA:52,0
DA:57,74
DA:59,20
DA:60,1
DA:65,19
DA:66,71
DA:70,71
DA:86,21
DA:89,21
DA:90,1103
DA:93,21
DA:94,1
DA:97,20
DA:101,1101
DA:103,1080
DA:104,1080
DA:107,1080
DA:109,1078
DA:110,1078
DA:113,21
DA:116,21
DA:119,21
DA:120,19
DA:122,19
DA:123,6
DA:125,13
DA:127,19
DA:129,2
DA:130,2
DA:135,1099
DA:136,7
DA:139,1099
DA:140,1099
DA:143,83
DA:149,116
DA:153,18
DA:154,29
DA:155,29
DA:157,29
DA:158,14
DA:161,4
DA:166,23
DA:167,21
DA:168,19
DA:169,17
DA:170,15
DA:171,13
DA:172,6
DA:173,4
DA:174,2
DA:175,1
DA:179,83
DA:181,17
DA:183,1048
DA:185,5
DA:186,5
DA:189,5
DA:190,3
DA:193,5
DA:194,3
DA:197,3
DA:198,5
DA:199,5
DA:200,2
DA:201,3
DA:202,3
DA:203,3
DA:206,3
DA:208,0
DA:213,41
DA:225,41
DA:226,41
DA:227,165
DA:229,41
DA:233,74
DA:237,2
LF:97
LH:95
BRDA:7,0,0,20
BRDA:7,0,1,3
BRDA:11,1,0,21
BRDA:20,2,0,2
BRDA:32,3,0,1
BRDA:40,4,0,20
BRDA:40,4,1,18
BRDA:42,5,0,2
BRDA:49,6,0,2
BRDA:49,6,1,0
BRDA:59,7,0,1
BRDA:90,8,0,1103
BRDA:90,8,1,1103
BRDA:90,9,0,1103
BRDA:90,9,1,1103
BRDA:93,10,0,1
BRDA:101,11,0,1080
BRDA:101,11,1,21
BRDA:107,12,0,2
BRDA:107,13,0,1080
BRDA:107,13,1,1080
BRDA:107,13,2,1080
BRDA:116,14,0,0
BRDA:119,15,0,19
BRDA:119,15,1,2
BRDA:119,16,0,21
BRDA:119,16,1,19
BRDA:122,17,0,6
BRDA:122,17,1,13
BRDA:122,18,0,19
BRDA:122,18,1,6
BRDA:135,19,0,7
BRDA:135,20,0,1099
BRDA:135,20,1,1094
BRDA:135,20,2,1093
BRDA:139,21,0,83
BRDA:154,22,0,23
BRDA:154,22,1,6
BRDA:155,23,0,19
BRDA:155,23,1,10
BRDA:157,24,0,14
BRDA:157,25,0,29
BRDA:157,25,1,28
BRDA:166,26,0,2
BRDA:167,27,0,2
BRDA:168,28,0,2
BRDA:169,29,0,2
BRDA:170,30,0,2
BRDA:171,31,0,7
BRDA:172,32,0,2
BRDA:173,33,0,2
BRDA:174,34,0,1
BRDA:179,35,0,17
BRDA:179,35,1,51
BRDA:179,35,2,3
BRDA:179,35,3,3
BRDA:179,35,4,3
BRDA:179,35,5,3
BRDA:179,35,6,3
BRDA:179,35,7,0
BRDA:183,36,0,1048
BRDA:183,36,1,3
BRDA:186,37,0,3
BRDA:186,37,1,0
BRDA:190,38,0,3
BRDA:190,38,1,0
BRDA:194,39,0,3
BRDA:194,39,1,0
BRDA:201,40,0,0
BRDA:203,41,0,2
BRDA:203,41,1,1
BRF:71
BRH:64
end_of_record
TN:
SF:src/services/chartExport.ts
FN:4,(anonymous_0)
FN:12,(anonymous_1)
FN:17,(anonymous_2)
FN:28,(anonymous_3)
FN:30,(anonymous_4)
FN:36,(anonymous_5)
FNF:6
FNH:0
FNDA:0,(anonymous_0)
FNDA:0,(anonymous_1)
FNDA:0,(anonymous_2)
FNDA:0,(anonymous_3)
FNDA:0,(anonymous_4)
FNDA:0,(anonymous_5)
DA:3,0
DA:5,0
DA:6,0
DA:7,0
DA:8,0
DA:14,0
DA:18,0
DA:19,0
DA:20,0
DA:21,0
DA:22,0
DA:23,0
DA:24,0
DA:25,0
DA:29,0
DA:30,0
DA:31,0
DA:32,0
DA:33,0
DA:34,0
DA:36,0
DA:38,0
DA:40,0
DA:44,0
LF:24
LH:0
BRDA:35,0,0,0
BRDA:35,0,1,0
BRDA:35,1,0,0
BRDA:35,1,1,0
BRDA:36,2,0,0
BRDA:36,2,1,0
BRDA:36,3,0,0
BRDA:36,3,1,0
BRF:8
BRH:0
end_of_record
TN:
SF:src/services/chartSuggestion.ts
FN:5,(anonymous_0)
FN:8,(anonymous_1)
FN:9,(anonymous_2)
FN:10,(anonymous_3)
FN:17,(anonymous_4)
FN:19,(anonymous_5)
FN:22,(anonymous_6)
FN:23,(anonymous_7)
FN:33,(anonymous_8)
FN:35,(anonymous_9)
FN:36,(anonymous_10)
FN:46,(anonymous_11)
FN:63,(anonymous_12)
FNF:13
FNH:0
FNDA:0,(anonymous_0)
FNDA:0,(anonymous_1)
FNDA:0,(anonymous_2)
FNDA:0,(anonymous_3)
FNDA:0,(anonymous_4)
FNDA:0,(anonymous_5)
FNDA:0,(anonymous_6)
FNDA:0,(anonymous_7)
FNDA:0,(anonymous_8)
FNDA:0,(anonymous_9)
FNDA:0,(anonymous_10)
FNDA:0,(anonymous_11)
FNDA:0,(anonymous_12)
DA:4,0
DA:6,0
DA:8,0
DA:9,0
DA:10,0
DA:13,0
DA:14,0
DA:17,0
DA:19,0
DA:23,0
DA:34,0
DA:35,0
DA:36,0
DA:49,0
DA:52,0
DA:55,0
DA:58,0
DA:60,0
DA:64,0
DA:65,0
DA:67,0
DA:68,0
DA:70,0
DA:72,0
DA:74,0
DA:75,0
DA:76,0
DA:77,0
DA:78,0
DA:79,0
DA:81,0
DA:83,0
DA:85,0
DA:86,0
DA:87,0
DA:88,0
DA:90,0
DA:95,0
DA:96,0
DA:106,0
DA:110,0
DA:114,0
LF:42
LH:0
BRDA:8,0,0,0
BRDA:8,0,1,0
BRDA:49,1,0,0
BRDA:49,1,1,0
BRDA:52,2,0,0
BRDA:55,3,0,0
BRDA:55,4,0,0
BRDA:55,4,1,0
BRDA:58,5,0,0
BRDA:67,6,0,0
BRDA:67,6,1,0
BRDA:68,7,0,0
BRDA:68,7,1,0
BRDA:70,8,0,0
BRDA:72,9,0,0
BRDA:72,9,1,0
BRDA:72,10,0,0
BRDA:72,10,1,0
BRDA:74,11,0,0
BRDA:74,11,1,0
BRDA:74,12,0,0
BRDA:74,12,1,0
BRDA:76,13,0,0
BRDA:76,13,1,0
BRDA:78,14,0,0
BRDA:78,14,1,0
BRDA:83,15,0,0
BRDA:85,16,0,0
BRDA:85,16,1,0
BRDA:87,17,0,0
BRDA:87,17,1,0
BRDA:87,18,0,0
BRDA:87,18,1,0
BRDA:96,19,0,0
BRDA:97,20,0,0
BRDA:97,20,1,0
BRDA:97,20,2,0
BRDA:97,20,3,0
BRDA:97,20,4,0
BRDA:97,20,5,0
BRDA:97,20,6,0
BRDA:97,20,7,0
BRF:42
BRH:0
end_of_record
TN:
SF:src/services/dataFilter.ts
FN:16,(anonymous_0)
FN:17,(anonymous_1)
FN:18,(anonymous_2)
FN:21,(anonymous_3)
FN:23,(anonymous_4)
FN:26,(anonymous_5)
FN:34,(anonymous_6)
FN:34,(anonymous_7)
FN:37,(anonymous_8)
FN:58,(anonymous_9)
FN:63,(anonymous_10)
FN:63,(anonymous_11)
FN:71,(anonymous_12)
FN:87,(anonymous_13)
FN:108,(anonymous_14)
FN:123,(anonymous_15)
FN:150,(anonymous_16)
FN:177,(anonymous_17)
FN:183,(anonymous_18)
FN:195,(anonymous_19)
FN:201,(anonymous_20)
FN:203,(anonymous_21)
FN:207,(anonymous_22)
FN:213,(anonymous_23)
FN:214,(anonymous_24)
FN:222,(anonymous_25)
FN:234,(anonymous_26)
FN:241,(anonymous_27)
FN:244,(anonymous_28)
FN:255,(anonymous_29)
FNF:30
FNH:30
FNDA:56,(anonymous_0)
FNDA:374,(anonymous_1)
FNDA:374,(anonymous_2)
FNDA:42,(anonymous_3)
FNDA:276,(anonymous_4)
FNDA:1383,(anonymous_5)
FNDA:595,(anonymous_6)
FNDA:3570,(anonymous_7)
FNDA:4550,(anonymous_8)
FNDA:1214,(anonymous_9)
FNDA:3642,(anonymous_10)
FNDA:2410,(anonymous_11)
FNDA:1307,(anonymous_12)
FNDA:48,(anonymous_13)
FNDA:38,(anonymous_14)
FNDA:1343,(anonymous_15)
FNDA:618,(anonymous_16)
FNDA:20,(anonymous_17)
FNDA:61,(anonymous_18)
FNDA:2,(anonymous_19)
FNDA:1,(anonymous_20)
FNDA:7,(anonymous_21)
FNDA:2,(anonymous_22)
FNDA:2,(anonymous_23)
FNDA:14,(anonymous_24)
FNDA:3,(anonymous_25)
FNDA:825,(anonymous_26)
FNDA:839,(anonymous_27)
FNDA:354,(anonymous_28)
FNDA:1,(anonymous_29)
DA:2,1
DA:12,1
DA:17,374
DA:18,374
DA:22,42
DA:23,276
DA:24,42
DA:26,41
DA:27,1383
DA:28,4550
DA:30,595
DA:34,3570
DA:38,4550
DA:40,4550
DA:42,1214
DA:44,1307
DA:46,1343
DA:48,38
DA:50,618
DA:52,20
DA:54,10
DA:63,3642
DA:64,1214
DA:65,1205
DA:66,1205
DA:67,1205
DA:68,1193
DA:76,1307
DA:77,1307
DA:80,1298
DA:86,18
DA:87,18
DA:88,48
DA:89,30
DA:90,30
DA:91,30
DA:95,18
DA:97,9
DA:101,1280
DA:102,1280
DA:103,1270
DA:104,1260
DA:105,1250
DA:113,38
DA:114,38
DA:115,38
DA:116,36
DA:117,36
DA:118,30
DA:119,24
DA:120,18
DA:128,1343
DA:129,1343
DA:130,1343
DA:131,80
DA:132,10
DA:133,0
DA:135,10
DA:140,70
DA:141,10
DA:143,60
DA:155,618
DA:158,612
DA:159,594
DA:160,18
DA:161,0
DA:162,18
DA:163,18
DA:164,18
DA:165,1
DA:166,0
DA:167,0
DA:168,0
DA:170,0
DA:173,612
DA:174,606
DA:178,20
DA:179,20
DA:180,10
DA:184,61
DA:185,61
DA:186,60
DA:192,60
DA:196,2
DA:197,2
DA:198,1
DA:202,1
DA:203,7
DA:208,2
DA:209,14
DA:210,2
DA:214,14
DA:223,3
DA:224,10
DA:225,10
DA:226,9
DA:235,825
DA:242,839
DA:244,354
DA:248,487
DA:250,234
DA:255,1
LF:102
LH:96
BRDA:22,0,0,42
BRDA:22,0,1,1
BRDA:24,1,0,1
BRDA:28,2,0,788
BRDA:34,3,0,3570
BRDA:34,3,1,0
BRDA:34,4,0,3570
BRDA:34,4,1,3570
BRDA:40,5,0,1214
BRDA:40,5,1,1307
BRDA:40,5,2,1343
BRDA:40,5,3,38
BRDA:40,5,4,618
BRDA:40,5,5,20
BRDA:40,5,6,10
BRDA:64,6,0,9
BRDA:67,7,0,12
BRDA:76,8,0,1270
BRDA:76,8,1,37
BRDA:77,9,0,9
BRDA:80,10,0,18
BRDA:81,11,0,1298
BRDA:81,11,1,18
BRDA:81,11,2,18
BRDA:81,11,3,18
BRDA:88,12,0,18
BRDA:89,13,0,30
BRDA:89,13,1,0
BRDA:90,14,0,12
BRDA:90,14,1,18
BRDA:91,15,0,30
BRDA:91,15,1,18
BRDA:95,16,0,9
BRDA:95,17,0,18
BRDA:95,17,1,9
BRDA:101,18,0,1280
BRDA:101,18,1,1232
BRDA:102,19,0,10
BRDA:103,20,0,10
BRDA:104,21,0,10
BRDA:113,22,0,0
BRDA:113,22,1,38
BRDA:114,23,0,36
BRDA:114,23,1,2
BRDA:114,24,0,38
BRDA:114,24,1,36
BRDA:115,25,0,2
BRDA:116,26,0,36
BRDA:116,26,1,17
BRDA:117,27,0,6
BRDA:118,28,0,6
BRDA:119,29,0,6
BRDA:128,30,0,0
BRDA:128,30,1,1343
BRDA:129,31,0,1343
BRDA:129,31,1,1263
BRDA:130,32,0,1263
BRDA:131,33,0,10
BRDA:131,33,1,70
BRDA:132,34,0,0
BRDA:132,34,1,10
BRDA:133,35,0,0
BRDA:133,35,1,0
BRDA:135,36,0,0
BRDA:135,36,1,10
BRDA:140,37,0,10
BRDA:140,37,1,60
BRDA:141,38,0,0
BRDA:141,38,1,10
BRDA:143,39,0,10
BRDA:143,39,1,50
BRDA:155,40,0,6
BRDA:158,41,0,594
BRDA:158,41,1,18
BRDA:160,42,0,0
BRDA:160,42,1,18
BRDA:162,43,0,18
BRDA:162,43,1,0
BRDA:164,44,0,17
BRDA:164,44,1,1
BRDA:164,45,0,18
BRDA:164,45,1,1
BRDA:164,45,2,1
BRDA:164,45,3,1
BRDA:165,46,0,1
BRDA:165,46,1,0
BRDA:165,47,0,1
BRDA:165,47,1,1
BRDA:165,47,2,0
BRDA:167,48,0,0
BRDA:167,48,1,0
BRDA:173,49,0,6
BRDA:178,50,0,20
BRDA:178,50,1,20
BRDA:179,51,0,10
BRDA:185,52,0,1
BRDA:189,53,0,29
BRDA:189,53,1,31
BRDA:190,54,0,36
BRDA:190,54,1,24
BRDA:190,55,0,60
BRDA:190,55,1,60
BRDA:197,56,0,1
BRDA:209,57,0,7
BRDA:225,58,0,1
BRDA:242,59,0,118
BRDA:242,59,1,237
BRDA:242,59,2,356
BRDA:242,59,3,487
BRDA:242,59,4,234
BRDA:248,60,0,487
BRDA:248,60,1,0
BRF:112
BRH:96
end_of_record
TN:
SF:src/services/excelParser.ts
FN:27,loadXLSX
FN:31,(anonymous_10)
FN:46,(anonymous_11)
FN:55,(anonymous_12)
FN:59,(anonymous_13)
FN:60,(anonymous_14)
FN:263,(anonymous_15)
FN:272,(anonymous_16)
FN:284,(anonymous_17)
FN:302,(anonymous_18)
FN:304,(anonymous_19)
FN:305,(anonymous_20)
FN:306,(anonymous_21)
FN:312,(anonymous_22)
FN:355,(anonymous_23)
FN:408,(anonymous_24)
FN:452,(anonymous_25)
FN:487,(anonymous_26)
FN:488,(anonymous_27)
FN:494,(anonymous_28)
FN:506,(anonymous_29)
FN:515,(anonymous_30)
FN:517,(anonymous_31)
FN:620,(anonymous_32)
FN:624,(anonymous_33)
FN:625,(anonymous_34)
FN:627,(anonymous_35)
FN:630,(anonymous_36)
FN:649,(anonymous_37)
FN:652,(anonymous_38)
FN:660,(anonymous_39)
FN:672,(anonymous_40)
FN:676,(anonymous_41)
FN:695,(anonymous_42)
FNF:34
FNH:33
FNDA:2,loadXLSX
FNDA:1,(anonymous_10)
FNDA:10,(anonymous_11)
FNDA:11,(anonymous_12)
FNDA:2,(anonymous_13)
FNDA:2,(anonymous_14)
FNDA:1,(anonymous_15)
FNDA:1,(anonymous_16)
FNDA:5,(anonymous_17)
FNDA:4,(anonymous_18)
FNDA:1,(anonymous_19)
FNDA:1,(anonymous_20)
FNDA:2,(anonymous_21)
FNDA:2,(anonymous_22)
FNDA:10,(anonymous_23)
FNDA:11,(anonymous_24)
FNDA:0,(anonymous_25)
FNDA:16107,(anonymous_26)
FNDA:22212,(anonymous_27)
FNDA:16,(anonymous_28)
FNDA:22,(anonymous_29)
FNDA:84,(anonymous_30)
FNDA:6,(anonymous_31)
FNDA:4,(anonymous_32)
FNDA:6,(anonymous_33)
FNDA:6,(anonymous_34)
FNDA:5,(anonymous_35)
FNDA:6,(anonymous_36)
FNDA:6,(anonymous_37)
FNDA:3,(anonymous_38)
FNDA:29,(anonymous_39)
FNDA:3,(anonymous_40)
FNDA:7,(anonymous_41)
FNDA:14334,(anonymous_42)
DA:10,2
DA:19,2
DA:20,2
DA:24,2
DA:28,2
DA:29,1
DA:31,1
DA:33,1
DA:34,1
DA:36,0
DA:37,0
DA:42,2
DA:45,2
DA:48,10
DA:49,10
DA:50,9
DA:52,1
DA:56,11
DA:60,2
DA:61,2
DA:63,2
DA:68,2
DA:260,2
DA:261,2
DA:263,2
DA:264,1
DA:265,0
DA:267,1
DA:269,1
DA:272,2
DA:273,1
DA:274,1
DA:277,2
DA:279,0
DA:285,5
DA:286,5
DA:287,5
DA:288,5
DA:289,1
DA:290,1
DA:291,1
DA:294,4
DA:295,4
DA:302,4
DA:303,4
DA:304,4
DA:305,4
DA:306,4
DA:307,2
DA:308,2
DA:309,2
DA:310,2
DA:312,4
DA:313,4
DA:314,3
DA:317,2
DA:318,2
DA:319,2
DA:341,2
DA:343,2
DA:344,2
DA:345,2
DA:346,2
DA:347,2
DA:352,2
DA:360,10
DA:361,10
DA:362,10
DA:363,1
DA:378,9
DA:379,9
DA:381,9
DA:389,9
DA:390,9
DA:395,9
DA:397,9
DA:406,9
DA:408,9
DA:409,11
DA:410,11
DA:411,13
DA:413,2
DA:415,9
DA:416,9
DA:417,2
DA:419,9
DA:422,9
DA:423,9
DA:425,9
DA:426,11
DA:429,11
DA:430,16107
DA:431,16107
DA:432,22212
DA:433,16107
DA:437,11
DA:438,10
DA:439,10
DA:440,10
DA:451,11
DA:452,0
DA:456,9
DA:463,9
DA:464,0
DA:469,0
DA:471,9
DA:474,9
DA:484,9
DA:487,9
DA:488,22212
DA:491,9
DA:495,16
DA:496,16
DA:497,16
DA:499,16
DA:500,16
DA:501,16
DA:502,16
DA:503,16
DA:506,16
DA:507,22
DA:508,22
DA:509,21
DA:515,84
DA:516,21
DA:517,6
DA:518,4
DA:521,16
DA:523,22
DA:524,22
DA:525,22
DA:526,22
DA:527,22
DA:528,4237
DA:529,4237
DA:530,4234
DA:531,4224
DA:532,4221
DA:533,4215
DA:535,22
DA:538,22
DA:539,22
DA:540,22
DA:543,22
DA:544,22
DA:545,22
DA:546,22
DA:548,22
DA:549,22
DA:551,22
DA:552,25237
DA:553,25237
DA:554,3
DA:555,3
DA:558,25234
DA:559,25234
DA:560,25228
DA:561,25223
DA:562,25223
DA:564,25234
DA:565,0
DA:566,0
DA:569,25234
DA:570,25234
DA:572,25234
DA:573,5
DA:574,5
DA:575,5
DA:576,5
DA:577,25229
DA:578,0
DA:579,0
DA:580,0
DA:584,22
DA:586,22
DA:588,22
DA:589,22
DA:590,1
DA:591,1
DA:592,1
DA:593,1
DA:594,1
DA:596,1
DA:597,21
DA:598,0
DA:599,0
DA:600,0
DA:601,0
DA:604,22
DA:615,22
DA:617,16
DA:621,4
DA:622,4
DA:623,2
DA:624,6
DA:625,6
DA:626,2
DA:627,5
DA:628,1
DA:629,1
DA:630,6
DA:631,1
DA:632,1
DA:633,1
DA:635,1
DA:636,1
DA:637,1
DA:638,1
DA:639,6
DA:640,6
DA:641,6
DA:642,2
DA:643,2
DA:646,1
DA:647,2
DA:648,2
DA:649,6
DA:651,2
DA:652,3
DA:653,2
DA:654,2
DA:657,3
DA:661,29
DA:662,29
DA:663,51
DA:664,51
DA:665,51
DA:666,51
DA:667,51
DA:669,29
DA:673,3
DA:675,3
DA:676,3
DA:677,7
DA:678,7
DA:679,1
DA:685,6
DA:689,3
DA:690,1
DA:692,3
DA:696,14334
DA:697,14334
DA:698,14334
LF:243
LH:227
BRDA:28,0,0,1
BRDA:49,1,0,9
BRDA:56,2,0,11
BRDA:56,2,1,1
BRDA:264,3,0,0
BRDA:264,3,1,1
BRDA:264,4,0,1
BRDA:264,4,1,1
BRDA:284,5,0,3
BRDA:286,6,0,3
BRDA:286,6,1,2
BRDA:286,7,0,5
BRDA:286,7,1,5
BRDA:288,8,0,1
BRDA:295,9,0,2
BRDA:295,9,1,2
BRDA:295,10,0,4
BRDA:295,10,1,4
BRDA:307,11,0,2
BRDA:307,11,1,0
BRDA:309,12,0,2
[...]
BRDA:125,3,0,0
BRDA:125,3,1,0
BRDA:127,4,0,0
BRDA:127,5,0,0
BRDA:127,5,1,0
BRDA:127,5,2,0
BRF:10
BRH:0
end_of_record
TN:
SF:src/utils/fileValidation.ts
FN:15,validateFile
FN:25,(anonymous_1)
FNF:2
FNH:0
FNDA:0,validateFile
FNDA:0,(anonymous_1)
DA:12,3
DA:13,3
DA:15,3
DA:19,0
DA:20,0
DA:21,0
DA:22,0
DA:24,0
DA:25,0
DA:26,0
DA:27,0
DA:30,0
DA:31,0
DA:32,0
DA:33,0
DA:34,0
DA:37,0
LF:17
LH:3
BRDA:17,0,0,0
BRDA:21,1,0,0
BRDA:22,2,0,0
BRDA:22,2,1,0
BRDA:22,3,0,0
BRDA:22,3,1,0
BRDA:26,4,0,0
BRDA:31,5,0,0
BRDA:31,5,1,0
BRDA:33,6,0,0
BRF:10
BRH:0
end_of_record
TN:
SF:src/utils/localStorage.ts
FN:49,(anonymous_0)
FN:53,(anonymous_1)
FN:69,(anonymous_2)
FN:90,(anonymous_3)
FN:101,(anonymous_4)
FN:105,(anonymous_5)
FN:106,(anonymous_6)
FN:114,(anonymous_7)
FN:148,(anonymous_8)
FN:154,(anonymous_9)
FN:169,(anonymous_10)
FN:185,(anonymous_11)
FN:187,(anonymous_12)
FN:191,(anonymous_13)
FN:194,(anonymous_14)
FN:200,(anonymous_15)
FN:202,(anonymous_16)
FN:206,(anonymous_17)
FN:210,(anonymous_18)
FN:221,(anonymous_19)
FN:223,(anonymous_20)
FN:228,(anonymous_21)
FN:231,(anonymous_22)
FN:238,(anonymous_23)
FN:240,(anonymous_24)
FN:244,(anonymous_25)
FN:246,(anonymous_26)
FN:251,(anonymous_27)
FN:254,(anonymous_28)
FN:260,(anonymous_29)
FN:262,(anonymous_30)
FN:267,(anonymous_31)
FN:275,(anonymous_32)
FN:279,(anonymous_33)
FN:284,(anonymous_34)
FN:291,(anonymous_35)
FN:295,(anonymous_36)
FN:300,(anonymous_37)
FN:306,(anonymous_38)
FN:312,(anonymous_39)
FN:319,(anonymous_40)
FN:326,(anonymous_41)
FN:344,(anonymous_42)
FN:372,(anonymous_43)
FN:376,(anonymous_44)
FN:380,(anonymous_45)
FN:384,(anonymous_46)
FN:389,(anonymous_47)
FN:394,(anonymous_48)
FN:398,(anonymous_49)
FN:406,(anonymous_50)
FN:413,(anonymous_51)
FN:418,(anonymous_52)
FN:428,(anonymous_53)
FN:437,(anonymous_54)
FNF:55
FNH:5
FNDA:69,(anonymous_0)
FNDA:0,(anonymous_1)
FNDA:69,(anonymous_2)
FNDA:0,(anonymous_3)
FNDA:0,(anonymous_4)
FNDA:0,(anonymous_5)
FNDA:0,(anonymous_6)
FNDA:0,(anonymous_7)
FNDA:0,(anonymous_8)
FNDA:0,(anonymous_9)
FNDA:0,(anonymous_10)
FNDA:0,(anonymous_11)
FNDA:0,(anonymous_12)
FNDA:0,(anonymous_13)
FNDA:0,(anonymous_14)
FNDA:0,(anonymous_15)
FNDA:0,(anonymous_16)
FNDA:0,(anonymous_17)
FNDA:0,(anonymous_18)
FNDA:0,(anonymous_19)
FNDA:0,(anonymous_20)
FNDA:0,(anonymous_21)
FNDA:0,(anonymous_22)
FNDA:0,(anonymous_23)
FNDA:0,(anonymous_24)
FNDA:0,(anonymous_25)
FNDA:0,(anonymous_26)
FNDA:0,(anonymous_27)
FNDA:0,(anonymous_28)
FNDA:0,(anonymous_29)
FNDA:0,(anonymous_30)
FNDA:0,(anonymous_31)
FNDA:0,(anonymous_32)
FNDA:0,(anonymous_33)
FNDA:0,(anonymous_34)
FNDA:0,(anonymous_35)
FNDA:0,(anonymous_36)
FNDA:0,(anonymous_37)
FNDA:0,(anonymous_38)
FNDA:0,(anonymous_39)
FNDA:0,(anonymous_40)
FNDA:0,(anonymous_41)
FNDA:0,(anonymous_42)
FNDA:0,(anonymous_43)
FNDA:0,(anonymous_44)
FNDA:0,(anonymous_45)
FNDA:0,(anonymous_46)
FNDA:29,(anonymous_47)
FNDA:0,(anonymous_48)
FNDA:0,(anonymous_49)
FNDA:0,(anonymous_50)
FNDA:29,(anonymous_51)
FNDA:0,(anonymous_52)
FNDA:0,(anonymous_53)
FNDA:40,(anonymous_54)
DA:35,2
DA:36,2
DA:37,2
DA:50,69
DA:54,0
DA:55,0
DA:56,0
DA:61,0
DA:62,0
DA:64,0
DA:65,0
DA:70,69
DA:71,69
DA:72,69
DA:73,69
DA:75,0
DA:78,0
DA:79,0
DA:83,0
DA:85,0
DA:86,0
DA:91,0
DA:92,0
DA:93,0
DA:94,0
DA:96,0
DA:97,0
DA:102,0
DA:103,0
DA:104,0
DA:105,0
DA:106,0
DA:107,0
DA:109,0
DA:110,0
DA:115,0
DA:116,0
DA:124,0
DA:125,0
DA:126,0
DA:127,0
DA:129,0
DA:137,0
DA:138,0
DA:151,0
DA:155,0
DA:156,0
DA:157,0
DA:158,0
DA:159,0
DA:160,0
DA:163,0
DA:165,0
DA:170,0
DA:171,0
DA:172,0
DA:173,0
DA:174,0
DA:175,0
DA:178,0
DA:180,0
DA:186,0
DA:187,0
DA:188,0
DA:192,0
DA:194,0
DA:201,0
DA:202,0
DA:203,0
DA:207,0
DA:211,0
DA:222,0
DA:223,0
DA:224,0
DA:225,0
DA:229,0
DA:231,0
DA:239,0
DA:240,0
DA:241,0
DA:245,0
DA:246,0
DA:247,0
DA:248,0
DA:252,0
DA:254,0
DA:261,0
DA:262,0
DA:263,0
DA:268,0
DA:276,0
DA:280,0
DA:285,0
DA:292,0
DA:296,0
DA:301,0
DA:302,0
DA:305,0
DA:306,0
DA:307,0
DA:310,0
DA:311,0
DA:313,0
DA:315,0
DA:318,0
DA:319,0
DA:320,0
DA:322,0
DA:327,0
DA:328,0
DA:337,0
DA:339,0
DA:340,0
DA:345,0
DA:346,0
DA:348,0
DA:349,0
DA:352,0
DA:353,0
DA:356,0
DA:357,0
DA:360,0
DA:361,0
DA:364,0
DA:366,0
DA:367,0
DA:373,0
DA:377,0
DA:381,0
DA:385,0
DA:390,29
DA:391,29
DA:395,0
DA:399,0
DA:400,0
DA:401,0
DA:402,0
DA:403,0
DA:407,0
DA:408,0
DA:409,0
DA:410,0
DA:414,29
DA:415,29
DA:419,0
DA:420,0
DA:421,0
DA:422,0
DA:423,0
DA:424,0
DA:434,0
DA:443,40
LF:152
LH:13
BRDA:50,0,0,69
BRDA:50,0,1,69
BRDA:54,1,0,0
BRDA:70,2,0,0
BRDA:73,3,0,69
BRDA:78,4,0,0
BRDA:91,5,0,0
BRDA:102,6,0,0
BRDA:115,7,0,0
BRDA:134,8,0,0
BRDA:134,8,1,0
BRDA:155,9,0,0
BRDA:159,10,0,0
BRDA:170,11,0,0
BRDA:174,12,0,0
BRDA:186,13,0,0
BRDA:186,13,1,0
BRDA:192,14,0,0
BRDA:192,14,1,0
BRDA:212,15,0,0
BRDA:212,15,1,0
BRDA:229,16,0,0
BRDA:229,16,1,0
BRDA:234,17,0,0
BRDA:234,17,1,0
BRDA:252,18,0,0
BRDA:252,18,1,0
BRDA:300,19,0,0
BRDA:313,20,0,0
BRDA:313,20,1,0
BRDA:313,20,2,0
BRDA:348,21,0,0
BRDA:352,22,0,0
BRDA:356,23,0,0
BRDA:360,24,0,0
BRDA:391,25,0,29
BRDA:391,25,1,29
BRDA:400,26,0,0
BRDA:408,27,0,0
BRDA:410,28,0,0
BRDA:410,28,1,0
BRDA:410,29,0,0
BRDA:410,29,1,0
BRDA:420,30,0,0
BRDA:422,31,0,0
BRF:45
BRH:5
end_of_record
TN:
SF:src/utils/performanceMonitor.ts
FN:9,(anonymous_0)
FN:14,(anonymous_1)
FN:21,(anonymous_2)
FN:30,(anonymous_3)
FN:52,(anonymous_4)
FN:57,(anonymous_5)
FN:70,(anonymous_6)
FN:82,(anonymous_7)
FN:86,(anonymous_8)
FN:87,(anonymous_9)
FN:90,(anonymous_10)
FN:94,(anonymous_11)
FN:95,(anonymous_12)
FN:96,(anonymous_13)
FN:99,(anonymous_14)
FN:100,(anonymous_15)
FN:103,(anonymous_16)
FN:108,(anonymous_17)
FN:115,(anonymous_18)
FN:120,(anonymous_19)
FN:127,(anonymous_20)
FN:132,(anonymous_21)
FN:138,(anonymous_22)
FN:144,(anonymous_23)
FN:144,(anonymous_24)
FN:147,(anonymous_25)
FN:147,(anonymous_26)
FN:153,(anonymous_27)
FNF:28
FNH:2
FNDA:2,(anonymous_0)
FNDA:22,(anonymous_1)
FNDA:0,(anonymous_2)
FNDA:0,(anonymous_3)
FNDA:0,(anonymous_4)
FNDA:0,(anonymous_5)
FNDA:0,(anonymous_6)
FNDA:0,(anonymous_7)
FNDA:0,(anonymous_8)
FNDA:0,(anonymous_9)
FNDA:0,(anonymous_10)
FNDA:0,(anonymous_11)
FNDA:0,(anonymous_12)
FNDA:0,(anonymous_13)
FNDA:0,(anonymous_14)
FNDA:0,(anonymous_15)
FNDA:0,(anonymous_16)
FNDA:0,(anonymous_17)
FNDA:0,(anonymous_18)
FNDA:0,(anonymous_19)
FNDA:0,(anonymous_20)
FNDA:0,(anonymous_21)
FNDA:0,(anonymous_22)
FNDA:0,(anonymous_23)
FNDA:0,(anonymous_24)
FNDA:0,(anonymous_25)
FNDA:0,(anonymous_26)
FNDA:0,(anonymous_27)
DA:9,3
DA:11,2
DA:12,2
DA:15,22
DA:16,2
DA:18,22
DA:22,0
DA:27,0
DA:31,0
DA:32,0
DA:33,0
DA:34,0
DA:37,0
DA:38,0
DA:40,0
DA:41,0
DA:44,0
DA:45,0
DA:46,0
DA:49,0
DA:57,0
DA:58,0
DA:59,0
DA:60,0
DA:61,0
DA:62,0
DA:64,0
DA:65,0
DA:71,0
DA:72,0
DA:73,0
DA:74,0
DA:75,0
DA:77,0
DA:78,0
DA:83,0
DA:87,0
DA:88,0
DA:90,0
DA:91,0
DA:95,0
DA:96,0
DA:100,0
DA:104,0
DA:109,0
DA:110,0
DA:112,0
DA:121,0
DA:122,0
DA:124,0
DA:128,0
DA:133,0
DA:134,0
DA:135,0
DA:136,0
DA:138,0
DA:144,0
DA:147,0
DA:151,0
DA:153,0
LF:60
LH:6
BRDA:15,0,0,2
BRDA:32,1,0,0
BRDA:44,2,0,0
BRDA:44,2,1,0
BRDA:45,3,0,0
BRDA:88,4,0,0
BRDA:90,5,0,0
BRDA:90,5,1,0
BRDA:96,6,0,0
BRDA:96,6,1,0
BRDA:109,7,0,0
BRDA:122,8,0,0
BRDA:136,9,0,0
BRDA:144,10,0,0
BRDA:144,10,1,0
BRDA:147,11,0,0
BRDA:147,11,1,0
BRDA:153,12,0,0
BRDA:153,12,1,0
BRF:19
BRH:1
end_of_record
TN:
SF:src/utils/uploadProgress.ts
FN:3,formatProgressMessage
FNF:1
FNH:0
FNDA:0,formatProgressMessage
DA:3,1
DA:4,0
DA:6,0
DA:8,0
DA:10,0
DA:11,0
DA:13,0
DA:15,0
DA:17,0
DA:19,0
DA:20,0
DA:22,0
DA:24,0
DA:26,0
DA:28,0
LF:15
LH:1
BRDA:4,0,0,0
BRDA:6,1,0,0
BRDA:6,1,1,0
BRDA:6,1,2,0
BRDA:6,1,3,0
BRDA:6,1,4,0
BRDA:6,1,5,0
BRDA:6,1,6,0
BRDA:6,1,7,0
BRDA:10,2,0,0
BRDA:19,3,0,0
BRDA:28,4,0,0
BRDA:28,4,1,0
BRF:13
BRH:0
end_of_record
TN:
SF:src/utils/storage/adapter.ts
FNF:0
FNH:0
DA:12,1
DA:17,1
LF:2
LH:2
BRF:0
BRH:0
end_of_record
TN:
SF:src/utils/storage/indexedDbAdapter.ts
FN:14,(anonymous_0)
FN:16,(anonymous_1)
FN:24,(anonymous_2)
FN:35,(anonymous_3)
FN:46,(anonymous_4)
FNF:5
FNH:0
FNDA:0,(anonymous_0)
FNDA:0,(anonymous_1)
FNDA:0,(anonymous_2)
FNDA:0,(anonymous_3)
FNDA:0,(anonymous_4)
DA:1,1
DA:11,1
DA:15,0
DA:17,0
DA:18,0
DA:25,0
DA:26,0
DA:27,0
DA:28,0
DA:30,0
DA:31,0
DA:36,0
DA:37,0
DA:38,0
DA:39,0
DA:41,0
DA:42,0
DA:47,0
DA:48,0
DA:49,0
DA:50,0
DA:52,0
DA:53,0
LF:23
LH:2
BRDA:14,0,0,0
BRDA:17,1,0,0
BRDA:28,2,0,0
BRDA:28,2,1,0
BRDA:28,3,0,0
BRDA:28,3,1,0
BRF:6
BRH:0
end_of_record
TN:
SF:src/utils/storage/localAdapter.ts
FN:6,(anonymous_0)
FN:10,(anonymous_1)
FN:21,(anonymous_2)
FN:32,(anonymous_3)
FNF:4
FNH:0
FNDA:0,(anonymous_0)
FNDA:0,(anonymous_1)
FNDA:0,(anonymous_2)
FNDA:0,(anonymous_3)
DA:3,1
DA:7,0
DA:11,0
DA:12,0
DA:13,0
DA:14,0
DA:16,0
DA:17,0
DA:22,0
DA:23,0
DA:24,0
DA:25,0
DA:27,0
DA:28,0
DA:33,0
DA:34,0
DA:35,0
DA:37,0
DA:38,0
LF:19
LH:1
BRDA:6,0,0,0
BRDA:13,1,0,0
BRF:2
BRH:0
end_of_record
TN:
SF:src/utils/storage/serialization.ts
FN:10,serialize
FN:19,deserialize
FN:30,estimateSizeBytes
FNF:3
FNH:0
FNDA:0,serialize
FNDA:0,deserialize
FNDA:0,estimateSizeBytes
DA:1,1
DA:3,1
DA:10,1
DA:11,0
DA:12,0
DA:13,0
DA:14,0
DA:16,0
DA:19,1
DA:20,0
DA:21,0
DA:23,0
DA:24,0
DA:25,0
DA:27,0
DA:30,1
DA:32,0
LF:17
LH:5
BRDA:12,0,0,0
BRDA:20,1,0,0
BRDA:23,2,0,0
BRDA:23,2,1,0
BRDA:24,3,0,0
BRF:5
BRH:0
end_of_record
TN:
SF:src/utils/storage/service.ts
FN:92,(anonymous_0)
FN:108,(anonymous_1)
FN:143,(anonymous_2)
FN:150,(anonymous_3)
FN:155,(anonymous_4)
FN:163,(anonymous_5)
FN:166,(anonymous_6)
FN:175,(anonymous_7)
FN:192,(anonymous_8)
FN:201,(anonymous_9)
FN:224,(anonymous_10)
FN:266,(anonymous_11)
FN:332,(anonymous_12)
FN:353,(anonymous_13)
FN:374,(anonymous_14)
FN:383,(anonymous_15)
FN:383,(anonymous_16)
FN:388,(anonymous_17)
FN:432,(anonymous_18)
FN:441,(anonymous_19)
FN:448,(anonymous_20)
FN:448,(anonymous_21)
FN:453,(anonymous_22)
FN:524,(anonymous_23)
FN:536,(anonymous_24)
FN:549,(anonymous_25)
FN:575,(anonymous_26)
FN:606,(anonymous_27)
FN:613,(anonymous_28)
FN:624,(anonymous_29)
FN:635,(anonymous_30)
FN:636,(anonymous_31)
FN:641,(anonymous_32)
FN:644,(anonymous_33)
FN:645,(anonymous_34)
FN:645,(anonymous_35)
FN:658,(anonymous_36)
FN:672,(anonymous_37)
FN:677,(anonymous_38)
FN:686,(anonymous_39)
FN:695,(anonymous_40)
FN:699,(anonymous_41)
FN:702,(anonymous_42)
FN:707,(anonymous_43)
FN:718,(anonymous_44)
FN:726,(anonymous_45)
FN:727,(anonymous_46)
FN:737,(anonymous_47)
FN:741,(anonymous_48)
FN:756,(anonymous_49)
FN:803,(anonymous_50)
FN:823,(anonymous_51)
FN:831,(anonymous_52)
FNF:53
FNH:0
FNDA:0,(anonymous_0)
FNDA:0,(anonymous_1)
FNDA:0,(anonymous_2)
FNDA:0,(anonymous_3)
FNDA:0,(anonymous_4)
FNDA:0,(anonymous_5)
FNDA:0,(anonymous_6)
FNDA:0,(anonymous_7)
FNDA:0,(anonymous_8)
FNDA:0,(anonymous_9)
FNDA:0,(anonymous_10)
FNDA:0,(anonymous_11)
FNDA:0,(anonymous_12)
FNDA:0,(anonymous_13)
FNDA:0,(anonymous_14)
FNDA:0,(anonymous_15)
FNDA:0,(anonymous_16)
FNDA:0,(anonymous_17)
FNDA:0,(anonymous_18)
FNDA:0,(anonymous_19)
FNDA:0,(anonymous_20)
FNDA:0,(anonymous_21)
FNDA:0,(anonymous_22)
FNDA:0,(anonymous_23)
FNDA:0,(anonymous_24)
FNDA:0,(anonymous_25)
FNDA:0,(anonymous_26)
FNDA:0,(anonymous_27)
FNDA:0,(anonymous_28)
FNDA:0,(anonymous_29)
FNDA:0,(anonymous_30)
FNDA:0,(anonymous_31)
FNDA:0,(anonymous_32)
FNDA:0,(anonymous_33)
FNDA:0,(anonymous_34)
FNDA:0,(anonymous_35)
FNDA:0,(anonymous_36)
FNDA:0,(anonymous_37)
FNDA:0,(anonymous_38)
FNDA:0,(anonymous_39)
FNDA:0,(anonymous_40)
FNDA:0,(anonymous_41)
FNDA:0,(anonymous_42)
FNDA:0,(anonymous_43)
FNDA:0,(anonymous_44)
FNDA:0,(anonymous_45)
FNDA:0,(anonymous_46)
FNDA:0,(anonymous_47)
FNDA:0,(anonymous_48)
FNDA:0,(anonymous_49)
FNDA:0,(anonymous_50)
FNDA:0,(anonymous_51)
FNDA:0,(anonymous_52)
DA:1,1
DA:2,1
DA:80,1
DA:90,0
DA:93,0
DA:94,0
DA:95,0
DA:96,0
DA:97,0
DA:98,0
DA:99,0
DA:100,0
DA:101,0
DA:103,0
DA:104,0
DA:109,0
DA:111,0
DA:112,0
DA:114,0
DA:115,0
DA:118,0
DA:119,0
DA:120,0
DA:132,0
DA:134,0
DA:137,0
DA:138,0
DA:139,0
DA:140,0
DA:144,0
DA:145,0
DA:146,0
DA:147,0
DA:151,0
DA:152,0
DA:156,0
DA:157,0
DA:159,0
DA:165,0
DA:166,0
DA:167,0
DA:168,0
DA:169,0
DA:170,0
DA:172,0
DA:176,0
DA:179,0
DA:180,0
DA:184,0
DA:185,0
DA:186,0
DA:188,0
DA:191,0
DA:192,0
DA:193,0
DA:195,0
DA:196,0
DA:197,0
DA:202,0
DA:203,0
DA:204,0
DA:206,0
DA:209,0
DA:210,0
DA:211,0
DA:213,0
DA:218,0
DA:220,0
DA:225,0
DA:226,0
DA:228,0
DA:229,0
DA:232,0
DA:233,0
DA:234,0
DA:237,0
DA:242,0
DA:243,0
DA:245,0
DA:246,0
DA:247,0
DA:250,0
DA:251,0
DA:253,0
DA:259,0
DA:260,0
DA:263,0
DA:275,0
DA:276,0
DA:278,0
DA:279,0
DA:280,0
DA:281,0
DA:284,0
DA:285,0
DA:286,0
DA:287,0
DA:289,0
DA:302,0
DA:303,0
DA:304,0
DA:305,0
DA:309,0
DA:318,0
DA:319,0
DA:321,0
DA:328,0
DA:329,0
DA:333,0
DA:334,0
DA:335,0
DA:340,0
DA:341,0
DA:342,0
DA:344,0
DA:349,0
DA:350,0
DA:354,0
DA:355,0
DA:356,0
DA:361,0
DA:362,0
DA:363,0
DA:365,0
DA:370,0
DA:371,0
DA:375,0
DA:376,0
DA:377,0
DA:378,0
DA:379,0
DA:381,0
DA:383,0
DA:385,0
DA:392,0
DA:393,0
DA:394,0
DA:395,0
DA:398,0
DA:401,0
DA:402,0
DA:405,0
DA:406,0
DA:407,0
DA:408,0
DA:411,0
DA:413,0
DA:415,0
DA:417,0
DA:419,0
DA:421,0
DA:422,0
DA:423,0
DA:424,0
DA:427,0
DA:428,0
DA:438,0
DA:441,0
DA:443,0
DA:444,0
DA:445,0
DA:446,0
DA:448,0
DA:450,0
DA:458,0
DA:461,0
DA:462,0
DA:465,0
DA:466,0
DA:467,0
DA:470,0
DA:471,0
DA:474,0
DA:478,0
DA:479,0
DA:481,0
DA:483,0
DA:484,0
DA:487,0
DA:488,0
DA:490,0
DA:491,0
DA:493,0
DA:494,0
DA:495,0
DA:498,0
DA:499,0
DA:502,0
DA:505,0
DA:506,0
DA:507,0
DA:510,0
DA:513,0
DA:514,0
DA:517,0
DA:522,0
DA:523,0
DA:524,0
DA:528,0
DA:531,0
DA:532,0
DA:536,0
DA:538,0
DA:539,0
DA:543,0
DA:545,0
DA:546,0
DA:550,0
DA:551,0
DA:554,0
DA:555,0
DA:557,0
DA:558,0
DA:562,0
DA:563,0
DA:564,0
DA:565,0
DA:566,0
DA:569,0
DA:572,0
DA:576,0
DA:577,0
DA:579,0
DA:580,0
DA:588,0
DA:589,0
DA:598,0
DA:608,0
DA:609,0
DA:610,0
DA:614,0
DA:617,0
DA:618,0
DA:619,0
DA:621,0
DA:626,0
DA:627,0
DA:628,0
DA:635,0
DA:636,0
DA:643,0
DA:644,0
DA:645,0
DA:646,0
DA:648,0
DA:658,0
DA:674,0
DA:678,0
DA:679,0
DA:680,0
DA:681,0
DA:682,0
DA:683,0
DA:687,0
DA:688,0
DA:689,0
DA:690,0
DA:691,0
DA:692,0
DA:696,0
DA:701,0
DA:702,0
DA:703,0
DA:704,0
DA:708,0
DA:710,0
DA:711,0
DA:712,0
DA:713,0
DA:714,0
DA:722,0
DA:723,0
DA:727,0
DA:728,0
DA:738,0
DA:742,0
DA:743,0
DA:744,0
DA:747,0
DA:749,0
DA:753,0
DA:761,0
DA:762,0
DA:769,0
DA:771,0
DA:772,0
DA:779,0
DA:780,0
DA:787,0
DA:788,0
DA:796,0
DA:804,0
DA:805,0
DA:806,0
DA:807,0
DA:808,0
DA:816,0
DA:824,0
DA:825,0
DA:827,0
DA:830,0
DA:831,0
DA:834,0
DA:836,0
DA:837,0
LF:305
LH:3
BRDA:92,0,0,0
BRDA:95,1,0,0
BRDA:95,1,1,0
BRDA:95,2,0,0
BRDA:95,2,1,0
BRDA:96,3,0,0
BRDA:96,3,1,0
BRDA:96,4,0,0
BRDA:96,4,1,0
BRDA:97,5,0,0
BRDA:97,5,1,0
BRDA:97,6,0,0
BRDA:97,6,1,0
BRDA:98,7,0,0
BRDA:98,7,1,0
BRDA:98,8,0,0
BRDA:98,8,1,0
BRDA:99,9,0,0
BRDA:99,9,1,0
BRDA:99,10,0,0
BRDA:99,10,1,0
BRDA:100,11,0,0
BRDA:100,11,1,0
BRDA:100,12,0,0
BRDA:100,12,1,0
BRDA:101,13,0,0
BRDA:101,13,1,0
BRDA:101,14,0,0
BRDA:101,14,1,0
BRDA:103,15,0,0
BRDA:111,16,0,0
BRDA:111,16,1,0
BRDA:114,17,0,0
BRDA:118,18,0,0
BRDA:118,18,1,0
BRDA:145,19,0,0
BRDA:147,20,0,0
BRDA:147,20,1,0
BRDA:147,21,0,0
BRDA:147,21,1,0
BRDA:152,22,0,0
BRDA:152,22,1,0
BRDA:152,23,0,0
BRDA:152,23,1,0
BRDA:156,24,0,0
BRDA:156,24,1,0
BRDA:165,25,0,0
BRDA:165,25,1,0
BRDA:166,26,0,0
BRDA:166,26,1,0
BRDA:170,27,0,0
BRDA:179,28,0,0
BRDA:179,29,0,0
BRDA:179,29,1,0
BRDA:179,30,0,0
BRDA:179,30,1,0
BRDA:179,31,0,0
BRDA:179,31,1,0
BRDA:179,32,0,0
BRDA:179,32,1,0
BRDA:179,33,0,0
BRDA:179,33,1,0
BRDA:184,34,0,0
BRDA:184,35,0,0
BRDA:184,35,1,0
BRDA:184,36,0,0
BRDA:184,36,1,0
BRDA:184,37,0,0
BRDA:184,37,1,0
BRDA:185,38,0,0
BRDA:185,39,0,0
BRDA:185,39,1,0
BRDA:185,40,0,0
BRDA:185,40,1,0
BRDA:186,41,0,0
BRDA:186,42,0,0
BRDA:186,42,1,0
BRDA:186,43,0,0
BRDA:186,43,1,0
BRDA:191,44,0,0
BRDA:191,44,1,0
BRDA:196,45,0,0
BRDA:204,46,0,0
BRDA:226,47,0,0
BRDA:229,48,0,0
BRDA:229,48,1,0
BRDA:229,49,0,0
BRDA:229,49,1,0
BRDA:229,50,0,0
BRDA:229,50,1,0
BRDA:229,51,0,0
BRDA:229,51,1,0
BRDA:229,52,0,0
BRDA:229,52,1,0
BRDA:232,53,0,0
BRDA:245,54,0,0
BRDA:250,55,0,0
BRDA:250,55,1,0
BRDA:250,56,0,0
BRDA:250,56,1,0
BRDA:276,57,0,0
BRDA:279,58,0,0
BRDA:279,58,1,0
BRDA:279,59,0,0
BRDA:279,59,1,0
BRDA:279,60,0,0
BRDA:279,60,1,0
BRDA:293,61,0,0
BRDA:293,61,1,0
BRDA:297,62,0,0
BRDA:297,62,1,0
BRDA:297,63,0,0
BRDA:297,63,1,0
BRDA:298,64,0,0
BRDA:298,64,1,0
BRDA:298,65,0,0
BRDA:298,65,1,0
BRDA:318,66,0,0
BRDA:318,66,1,0
BRDA:318,67,0,0
BRDA:318,67,1,0
BRDA:334,68,0,0
BRDA:341,69,0,0
BRDA:341,69,1,0
BRDA:341,70,0,0
BRDA:341,70,1,0
BRDA:355,71,0,0
BRDA:362,72,0,0
BRDA:362,72,1,0
BRDA:362,73,0,0
BRDA:362,73,1,0
BRDA:376,74,0,0
BRDA:376,75,0,0
BRDA:376,75,1,0
BRDA:376,76,0,0
BRDA:376,76,1,0
BRDA:378,77,0,0
BRDA:383,78,0,0
BRDA:383,78,1,0
BRDA:383,79,0,0
BRDA:383,79,1,0
BRDA:393,80,0,0
BRDA:393,81,0,0
BRDA:393,81,1,0
BRDA:393,82,0,0
BRDA:393,82,1,0
BRDA:398,83,0,0
BRDA:398,83,1,0
BRDA:398,84,0,0
BRDA:398,84,1,0
BRDA:401,85,0,0
BRDA:406,86,0,0
BRDA:411,87,0,0
BRDA:411,87,1,0
BRDA:411,88,0,0
BRDA:411,88,1,0
BRDA:417,89,0,0
BRDA:417,89,1,0
BRDA:421,90,0,0
BRDA:421,90,1,0
BRDA:421,91,0,0
BRDA:421,91,1,0
BRDA:423,92,0,0
BRDA:423,92,1,0
BRDA:423,93,0,0
BRDA:423,93,1,0
BRDA:438,94,0,0
BRDA:438,94,1,0
BRDA:438,95,0,0
BRDA:438,95,1,0
BRDA:443,96,0,0
BRDA:443,96,1,0
BRDA:443,97,0,0
BRDA:443,97,1,0
BRDA:445,98,0,0
BRDA:445,98,1,0
BRDA:445,99,0,0
BRDA:445,99,1,0
BRDA:448,100,0,0
BRDA:448,100,1,0
BRDA:448,101,0,0
BRDA:448,101,1,0
BRDA:458,102,0,0
BRDA:458,102,1,0
BRDA:458,103,0,0
BRDA:458,103,1,0
BRDA:461,104,0,0
BRDA:466,105,0,0
BRDA:471,106,0,0
BRDA:471,106,1,0
BRDA:471,107,0,0
BRDA:471,107,1,0
BRDA:483,108,0,0
BRDA:483,109,0,0
BRDA:483,109,1,0
BRDA:488,110,0,0
BRDA:488,110,1,0
BRDA:488,111,0,0
BRDA:488,111,1,0
BRDA:493,112,0,0
BRDA:505,113,0,0
BRDA:513,114,0,0
BRDA:523,115,0,0
BRDA:528,116,0,0
BRDA:528,116,1,0
BRDA:528,117,0,0
BRDA:528,117,1,0
BRDA:531,118,0,0
BRDA:538,119,0,0
BRDA:545,120,0,0
BRDA:545,120,1,0
BRDA:545,121,0,0
BRDA:545,121,1,0
BRDA:550,122,0,0
BRDA:550,123,0,0
BRDA:550,123,1,0
BRDA:554,124,0,0
BRDA:554,124,1,0
BRDA:557,125,0,0
BRDA:564,126,0,0
BRDA:564,127,0,0
BRDA:564,127,1,0
BRDA:576,128,0,0
BRDA:576,128,1,0
BRDA:576,129,0,0
BRDA:576,129,1,0
BRDA:576,130,0,0
BRDA:576,130,1,0
BRDA:577,131,0,0
BRDA:577,131,1,0
BRDA:577,132,0,0
BRDA:577,132,1,0
BRDA:577,133,0,0
BRDA:577,133,1,0
BRDA:579,134,0,0
BRDA:588,135,0,0
BRDA:617,136,0,0
BRDA:618,137,0,0
BRDA:619,138,0,0
BRDA:626,139,0,0
BRDA:645,140,0,0
BRDA:645,140,1,0
BRDA:646,141,0,0
BRDA:646,141,1,0
BRDA:646,142,0,0
BRDA:646,142,1,0
BRDA:646,143,0,0
BRDA:646,143,1,0
BRDA:652,144,0,0
BRDA:652,144,1,0
BRDA:652,145,0,0
BRDA:652,145,1,0
BRDA:652,146,0,0
BRDA:652,146,1,0
BRDA:653,147,0,0
BRDA:653,147,1,0
BRDA:653,148,0,0
BRDA:653,148,1,0
BRDA:653,149,0,0
BRDA:653,149,1,0
BRDA:657,150,0,0
BRDA:657,150,1,0
BRDA:657,151,0,0
BRDA:657,151,1,0
BRDA:657,152,0,0
BRDA:657,152,1,0
BRDA:679,153,0,0
BRDA:679,154,0,0
BRDA:679,154,1,0
BRDA:679,155,0,0
BRDA:679,155,1,0
BRDA:681,156,0,0
BRDA:688,157,0,0
BRDA:688,158,0,0
BRDA:688,158,1,0
BRDA:688,159,0,0
BRDA:688,159,1,0
BRDA:690,160,0,0
BRDA:701,161,0,0
BRDA:701,161,1,0
BRDA:710,162,0,0
BRDA:710,162,1,0
BRDA:711,163,0,0
BRDA:727,164,0,0
BRDA:727,164,1,0
BRDA:727,165,0,0
BRDA:727,165,1,0
BRDA:727,166,0,0
BRDA:727,166,1,0
BRDA:727,167,0,0
BRDA:727,167,1,0
BRDA:727,168,0,0
BRDA:727,168,1,0
BRDA:727,169,0,0
BRDA:727,169,1,0
BRDA:727,170,0,0
BRDA:727,170,1,0
BRDA:729,171,0,0
BRDA:729,171,1,0
BRDA:729,172,0,0
BRDA:729,172,1,0
BRDA:729,173,0,0
BRDA:729,173,1,0
BRDA:729,174,0,0
BRDA:729,174,1,0
BRDA:730,175,0,0
BRDA:730,175,1,0
BRDA:730,176,0,0
BRDA:730,176,1,0
BRDA:730,177,0,0
BRDA:730,177,1,0
BRDA:730,178,0,0
BRDA:730,178,1,0
BRDA:731,179,0,0
BRDA:731,179,1,0
BRDA:731,180,0,0
BRDA:731,180,1,0
BRDA:731,181,0,0
BRDA:731,181,1,0
BRDA:731,182,0,0
BRDA:731,182,1,0
BRDA:732,183,0,0
BRDA:732,183,1,0
BRDA:732,184,0,0
BRDA:732,184,1,0
BRDA:732,185,0,0
BRDA:732,185,1,0
BRDA:732,186,0,0
BRDA:732,186,1,0
BRDA:742,187,0,0
BRDA:742,188,0,0
BRDA:742,188,1,0
BRDA:747,189,0,0
BRDA:747,189,1,0
BRDA:749,190,0,0
BRDA:749,190,1,0
BRDA:749,190,2,0
BRDA:761,191,0,0
BRDA:761,192,0,0
BRDA:761,192,1,0
BRDA:771,193,0,0
BRDA:779,194,0,0
BRDA:787,195,0,0
BRDA:804,196,0,0
BRDA:804,197,0,0
BRDA:804,197,1,0
BRDA:806,198,0,0
BRDA:806,198,1,0
BRDA:807,199,0,0
BRDA:807,199,1,0
BRDA:827,200,0,0
BRF:351
BRH:0
end_of_record
